[29-Oct-2017 23:02:23 PRC] PHP Fatal error:  Cannot use isset() on the result of an expression (you can use "null !== expression" instead) in F:\phpStudy\WWW\MondayShop\storage\framework\views\774b95785acdf6229c45b13493f9867f9949a61c.php on line 25
[29-Oct-2017 23:02:23 PRC] PHP Stack trace:
[29-Oct-2017 23:02:23 PRC] PHP   1. {main}() F:\phpStudy\WWW\MondayShop\server.php:0
[29-Oct-2017 23:02:23 PRC] PHP   2. require_once() F:\phpStudy\WWW\MondayShop\server.php:23
[29-Oct-2017 23:02:23 PRC] PHP   3. App\Http\Kernel->handle() F:\phpStudy\WWW\MondayShop\public\index.php:55
[29-Oct-2017 23:02:23 PRC] PHP   4. App\Http\Kernel->sendRequestThroughRouter() F:\phpStudy\WWW\MondayShop\vendor\laravel\framework\src\Illuminate\Foundation\Http\Kernel.php:116
[29-Oct-2017 23:02:23 PRC] PHP   5. Illuminate\Routing\Pipeline->then() F:\phpStudy\WWW\MondayShop\vendor\laravel\framework\src\Illuminate\Foundation\Http\Kernel.php:151
[29-Oct-2017 23:02:23 PRC] PHP   6. Illuminate\Routing\Pipeline->Illuminate\Routing\{closure}() F:\phpStudy\WWW\MondayShop\vendor\laravel\framework\src\Illuminate\Pipeline\Pipeline.php:102
[29-Oct-2017 23:02:23 PRC] PHP   7. Illuminate\Routing\Pipeline->Illuminate\Pipeline\{closure}() F:\phpStudy\WWW\MondayShop\vendor\laravel\framework\src\Illuminate\Routing\Pipeline.php:53
[29-Oct-2017 23:02:23 PRC] PHP   8. Illuminate\Foundation\Http\Middleware\CheckForMaintenanceMode->handle() F:\phpStudy\WWW\MondayShop\vendor\laravel\framework\src\Illuminate\Pipeline\Pipeline.php:149
[29-Oct-2017 23:02:23 PRC] PHP   9. Illuminate\Routing\Pipeline->Illuminate\Routing\{closure}() F:\phpStudy\WWW\MondayShop\vendor\laravel\framework\src\Illuminate\Foundation\Http\Middleware\CheckForMaintenanceMode.php:46
[29-Oct-2017 23:02:23 PRC] PHP  10. Illuminate\Routing\Pipeline->Illuminate\Pipeline\{closure}() F:\phpStudy\WWW\MondayShop\vendor\laravel\framework\src\Illuminate\Routing\Pipeline.php:53
[29-Oct-2017 23:02:23 PRC] PHP  11. Illuminate\Foundation\Http\Middleware\ValidatePostSize->handle() F:\phpStudy\WWW\MondayShop\vendor\laravel\framework\src\Illuminate\Pipeline\Pipeline.php:149
[29-Oct-2017 23:02:23 PRC] PHP  12. Illuminate\Routing\Pipeline->Illuminate\Routing\{closure}() F:\phpStudy\WWW\MondayShop\vendor\laravel\framework\src\Illuminate\Foundation\Http\Middleware\ValidatePostSize.php:27
[29-Oct-2017 23:02:23 PRC] PHP  13. Illuminate\Routing\Pipeline->Illuminate\Pipeline\{closure}() F:\phpStudy\WWW\MondayShop\vendor\laravel\framework\src\Illuminate\Routing\Pipeline.php:53
[29-Oct-2017 23:02:23 PRC] PHP  14. App\Http\Middleware\TrimStrings->handle() F:\phpStudy\WWW\MondayShop\vendor\laravel\framework\src\Illuminate\Pipeline\Pipeline.php:149
[29-Oct-2017 23:02:23 PRC] PHP  15. Illuminate\Routing\Pipeline->Illuminate\Routing\{closure}() F:\phpStudy\WWW\MondayShop\vendor\laravel\framework\src\Illuminate\Foundation\Http\Middleware\TransformsRequest.php:30
[29-Oct-2017 23:02:23 PRC] PHP  16. Illuminate\Routing\Pipeline->Illuminate\Pipeline\{closure}() F:\phpStudy\WWW\MondayShop\vendor\laravel\framework\src\Illuminate\Routing\Pipeline.php:53
[29-Oct-2017 23:02:23 PRC] PHP  17. Illuminate\Foundation\Http\Middleware\ConvertEmptyStringsToNull->handle() F:\phpStudy\WWW\MondayShop\vendor\laravel\framework\src\Illuminate\Pipeline\Pipeline.php:149
[29-Oct-2017 23:02:23 PRC] PHP  18. Illuminate\Routing\Pipeline->Illuminate\Routing\{closure}() F:\phpStudy\WWW\MondayShop\vendor\laravel\framework\src\Illuminate\Foundation\Http\Middleware\TransformsRequest.php:30
[29-Oct-2017 23:02:23 PRC] PHP  19. Illuminate\Routing\Pipeline->Illuminate\Pipeline\{closure}() F:\phpStudy\WWW\MondayShop\vendor\laravel\framework\src\Illuminate\Routing\Pipeline.php:53
[29-Oct-2017 23:02:23 PRC] PHP  20. App\Http\Middleware\TrustProxies->handle() F:\phpStudy\WWW\MondayShop\vendor\laravel\framework\src\Illuminate\Pipeline\Pipeline.php:149
[29-Oct-2017 23:02:23 PRC] PHP  21. Illuminate\Routing\Pipeline->Illuminate\Routing\{closure}() F:\phpStudy\WWW\MondayShop\vendor\fideloper\proxy\src\TrustProxies.php:56
[29-Oct-2017 23:02:23 PRC] PHP  22. App\Http\Kernel->Illuminate\Foundation\Http\{closure}() F:\phpStudy\WWW\MondayShop\vendor\laravel\framework\src\Illuminate\Routing\Pipeline.php:30
[29-Oct-2017 23:02:23 PRC] PHP  23. Illuminate\Routing\Router->dispatch() F:\phpStudy\WWW\MondayShop\vendor\laravel\framework\src\Illuminate\Foundation\Http\Kernel.php:176
[29-Oct-2017 23:02:23 PRC] PHP  24. Illuminate\Routing\Router->dispatchToRoute() F:\phpStudy\WWW\MondayShop\vendor\laravel\framework\src\Illuminate\Routing\Router.php:577
[29-Oct-2017 23:02:23 PRC] PHP  25. Illuminate\Routing\Router->runRoute() F:\phpStudy\WWW\MondayShop\vendor\laravel\framework\src\Illuminate\Routing\Router.php:588
[29-Oct-2017 23:02:23 PRC] PHP  26. Illuminate\Routing\Router->runRouteWithinStack() F:\phpStudy\WWW\MondayShop\vendor\laravel\framework\src\Illuminate\Routing\Router.php:622
[29-Oct-2017 23:02:23 PRC] PHP  27. Illuminate\Routing\Pipeline->then() F:\phpStudy\WWW\MondayShop\vendor\laravel\framework\src\Illuminate\Routing\Router.php:647
[29-Oct-2017 23:02:23 PRC] PHP  28. Illuminate\Routing\Pipeline->Illuminate\Routing\{closure}() F:\phpStudy\WWW\MondayShop\vendor\laravel\framework\src\Illuminate\Pipeline\Pipeline.php:102
[29-Oct-2017 23:02:23 PRC] PHP  29. Illuminate\Routing\Pipeline->Illuminate\Pipeline\{closure}() F:\phpStudy\WWW\MondayShop\vendor\laravel\framework\src\Illuminate\Routing\Pipeline.php:53
[29-Oct-2017 23:02:23 PRC] PHP  30. App\Http\Middleware\EncryptCookies->handle() F:\phpStudy\WWW\MondayShop\vendor\laravel\framework\src\Illuminate\Pipeline\Pipeline.php:149
[29-Oct-2017 23:02:23 PRC] PHP  31. Illuminate\Routing\Pipeline->Illuminate\Routing\{closure}() F:\phpStudy\WWW\MondayShop\vendor\laravel\framework\src\Illuminate\Cookie\Middleware\EncryptCookies.php:59
[29-Oct-2017 23:02:23 PRC] PHP  32. Illuminate\Routing\Pipeline->Illuminate\Pipeline\{closure}() F:\phpStudy\WWW\MondayShop\vendor\laravel\framework\src\Illuminate\Routing\Pipeline.php:53
[29-Oct-2017 23:02:23 PRC] PHP  33. Illuminate\Cookie\Middleware\AddQueuedCookiesToResponse->handle() F:\phpStudy\WWW\MondayShop\vendor\laravel\framework\src\Illuminate\Pipeline\Pipeline.php:149
[29-Oct-2017 23:02:23 PRC] PHP  34. Illuminate\Routing\Pipeline->Illuminate\Routing\{closure}() F:\phpStudy\WWW\MondayShop\vendor\laravel\framework\src\Illuminate\Cookie\Middleware\AddQueuedCookiesToResponse.php:37
[29-Oct-2017 23:02:23 PRC] PHP  35. Illuminate\Routing\Pipeline->Illuminate\Pipeline\{closure}() F:\phpStudy\WWW\MondayShop\vendor\laravel\framework\src\Illuminate\Routing\Pipeline.php:53
[29-Oct-2017 23:02:23 PRC] PHP  36. Illuminate\Session\Middleware\StartSession->handle() F:\phpStudy\WWW\MondayShop\vendor\laravel\framework\src\Illuminate\Pipeline\Pipeline.php:149
[29-Oct-2017 23:02:23 PRC] PHP  37. Illuminate\Routing\Pipeline->Illuminate\Routing\{closure}() F:\phpStudy\WWW\MondayShop\vendor\laravel\framework\src\Illuminate\Session\Middleware\StartSession.php:63
[29-Oct-2017 23:02:23 PRC] PHP  38. Illuminate\Routing\Pipeline->Illuminate\Pipeline\{closure}() F:\phpStudy\WWW\MondayShop\vendor\laravel\framework\src\Illuminate\Routing\Pipeline.php:53
[29-Oct-2017 23:02:23 PRC] PHP  39. Illuminate\View\Middleware\ShareErrorsFromSession->handle() F:\phpStudy\WWW\MondayShop\vendor\laravel\framework\src\Illuminate\Pipeline\Pipeline.php:149
[29-Oct-2017 23:02:23 PRC] PHP  40. Illuminate\Routing\Pipeline->Illuminate\Routing\{closure}() F:\phpStudy\WWW\MondayShop\vendor\laravel\framework\src\Illuminate\View\Middleware\ShareErrorsFromSession.php:49
[29-Oct-2017 23:02:23 PRC] PHP  41. Illuminate\Routing\Pipeline->Illuminate\Pipeline\{closure}() F:\phpStudy\WWW\MondayShop\vendor\laravel\framework\src\Illuminate\Routing\Pipeline.php:53
[29-Oct-2017 23:02:23 PRC] PHP  42. App\Http\Middleware\VerifyCsrfToken->handle() F:\phpStudy\WWW\MondayShop\vendor\laravel\framework\src\Illuminate\Pipeline\Pipeline.php:149
[29-Oct-2017 23:02:23 PRC] PHP  43. Illuminate\Routing\Pipeline->Illuminate\Routing\{closure}() F:\phpStudy\WWW\MondayShop\vendor\laravel\framework\src\Illuminate\Foundation\Http\Middleware\VerifyCsrfToken.php:67
[29-Oct-2017 23:02:23 PRC] PHP  44. Illuminate\Routing\Pipeline->Illuminate\Pipeline\{closure}() F:\phpStudy\WWW\MondayShop\vendor\laravel\framework\src\Illuminate\Routing\Pipeline.php:53
[29-Oct-2017 23:02:23 PRC] PHP  45. Illuminate\Routing\Middleware\SubstituteBindings->handle() F:\phpStudy\WWW\MondayShop\vendor\laravel\framework\src\Illuminate\Pipeline\Pipeline.php:149
[29-Oct-2017 23:02:23 PRC] PHP  46. Illuminate\Routing\Pipeline->Illuminate\Routing\{closure}() F:\phpStudy\WWW\MondayShop\vendor\laravel\framework\src\Illuminate\Routing\Middleware\SubstituteBindings.php:41
[29-Oct-2017 23:02:23 PRC] PHP  47. Illuminate\Routing\Pipeline->Illuminate\Pipeline\{closure}() F:\phpStudy\WWW\MondayShop\vendor\laravel\framework\src\Illuminate\Routing\Pipeline.php:53
[29-Oct-2017 23:02:23 PRC] PHP  48. App\Http\Middleware\AdminAuth->handle() F:\phpStudy\WWW\MondayShop\vendor\laravel\framework\src\Illuminate\Pipeline\Pipeline.php:149
[29-Oct-2017 23:02:23 PRC] PHP  49. Illuminate\Routing\Pipeline->Illuminate\Routing\{closure}() F:\phpStudy\WWW\MondayShop\app\Http\Middleware\AdminAuth.php:24
[29-Oct-2017 23:02:23 PRC] PHP  50. Illuminate\Routing\Router->Illuminate\Routing\{closure}() F:\phpStudy\WWW\MondayShop\vendor\laravel\framework\src\Illuminate\Routing\Pipeline.php:30
[29-Oct-2017 23:02:23 PRC] PHP  51. Illuminate\Routing\Router->prepareResponse() F:\phpStudy\WWW\MondayShop\vendor\laravel\framework\src\Illuminate\Routing\Router.php:645
[29-Oct-2017 23:02:23 PRC] PHP  52. Illuminate\Routing\Router::toResponse() F:\phpStudy\WWW\MondayShop\vendor\laravel\framework\src\Illuminate\Routing\Router.php:685
[29-Oct-2017 23:02:23 PRC] PHP  53. Illuminate\Http\Response->__construct() F:\phpStudy\WWW\MondayShop\vendor\laravel\framework\src\Illuminate\Routing\Router.php:711
[29-Oct-2017 23:02:23 PRC] PHP  54. Illuminate\Http\Response->setContent() F:\phpStudy\WWW\MondayShop\vendor\symfony\http-foundation\Response.php:199
[29-Oct-2017 23:02:23 PRC] PHP  55. Illuminate\View\View->render() F:\phpStudy\WWW\MondayShop\vendor\laravel\framework\src\Illuminate\Http\Response.php:42
[29-Oct-2017 23:02:23 PRC] PHP  56. Illuminate\View\View->renderContents() F:\phpStudy\WWW\MondayShop\vendor\laravel\framework\src\Illuminate\View\View.php:85
[29-Oct-2017 23:02:23 PRC] PHP  57. Illuminate\View\View->getContents() F:\phpStudy\WWW\MondayShop\vendor\laravel\framework\src\Illuminate\View\View.php:120
[29-Oct-2017 23:02:23 PRC] PHP  58. Illuminate\View\Engines\CompilerEngine->get() F:\phpStudy\WWW\MondayShop\vendor\laravel\framework\src\Illuminate\View\View.php:137
[29-Oct-2017 23:02:23 PRC] PHP  59. Illuminate\View\Engines\CompilerEngine->evaluatePath() F:\phpStudy\WWW\MondayShop\vendor\laravel\framework\src\Illuminate\View\Engines\CompilerEngine.php:59
[29-Oct-2017 23:02:32 PRC] PHP Fatal error:  Cannot use isset() on the result of an expression (you can use "null !== expression" instead) in F:\phpStudy\WWW\MondayShop\storage\framework\views\774b95785acdf6229c45b13493f9867f9949a61c.php on line 25
[29-Oct-2017 23:02:32 PRC] PHP Stack trace:
[29-Oct-2017 23:02:32 PRC] PHP   1. {main}() F:\phpStudy\WWW\MondayShop\server.php:0
[29-Oct-2017 23:02:32 PRC] PHP   2. require_once() F:\phpStudy\WWW\MondayShop\server.php:23
[29-Oct-2017 23:02:32 PRC] PHP   3. App\Http\Kernel->handle() F:\phpStudy\WWW\MondayShop\public\index.php:55
[29-Oct-2017 23:02:32 PRC] PHP   4. App\Http\Kernel->sendRequestThroughRouter() F:\phpStudy\WWW\MondayShop\vendor\laravel\framework\src\Illuminate\Foundation\Http\Kernel.php:116
[29-Oct-2017 23:02:32 PRC] PHP   5. Illuminate\Routing\Pipeline->then() F:\phpStudy\WWW\MondayShop\vendor\laravel\framework\src\Illuminate\Foundation\Http\Kernel.php:151
[29-Oct-2017 23:02:32 PRC] PHP   6. Illuminate\Routing\Pipeline->Illuminate\Routing\{closure}() F:\phpStudy\WWW\MondayShop\vendor\laravel\framework\src\Illuminate\Pipeline\Pipeline.php:102
[29-Oct-2017 23:02:32 PRC] PHP   7. Illuminate\Routing\Pipeline->Illuminate\Pipeline\{closure}() F:\phpStudy\WWW\MondayShop\vendor\laravel\framework\src\Illuminate\Routing\Pipeline.php:53
[29-Oct-2017 23:02:32 PRC] PHP   8. Illuminate\Foundation\Http\Middleware\CheckForMaintenanceMode->handle() F:\phpStudy\WWW\MondayShop\vendor\laravel\framework\src\Illuminate\Pipeline\Pipeline.php:149
[29-Oct-2017 23:02:32 PRC] PHP   9. Illuminate\Routing\Pipeline->Illuminate\Routing\{closure}() F:\phpStudy\WWW\MondayShop\vendor\laravel\framework\src\Illuminate\Foundation\Http\Middleware\CheckForMaintenanceMode.php:46
[29-Oct-2017 23:02:32 PRC] PHP  10. Illuminate\Routing\Pipeline->Illuminate\Pipeline\{closure}() F:\phpStudy\WWW\MondayShop\vendor\laravel\framework\src\Illuminate\Routing\Pipeline.php:53
[29-Oct-2017 23:02:32 PRC] PHP  11. Illuminate\Foundation\Http\Middleware\ValidatePostSize->handle() F:\phpStudy\WWW\MondayShop\vendor\laravel\framework\src\Illuminate\Pipeline\Pipeline.php:149
[29-Oct-2017 23:02:32 PRC] PHP  12. Illuminate\Routing\Pipeline->Illuminate\Routing\{closure}() F:\phpStudy\WWW\MondayShop\vendor\laravel\framework\src\Illuminate\Foundation\Http\Middleware\ValidatePostSize.php:27
[29-Oct-2017 23:02:32 PRC] PHP  13. Illuminate\Routing\Pipeline->Illuminate\Pipeline\{closure}() F:\phpStudy\WWW\MondayShop\vendor\laravel\framework\src\Illuminate\Routing\Pipeline.php:53
[29-Oct-2017 23:02:32 PRC] PHP  14. App\Http\Middleware\TrimStrings->handle() F:\phpStudy\WWW\MondayShop\vendor\laravel\framework\src\Illuminate\Pipeline\Pipeline.php:149
[29-Oct-2017 23:02:32 PRC] PHP  15. Illuminate\Routing\Pipeline->Illuminate\Routing\{closure}() F:\phpStudy\WWW\MondayShop\vendor\laravel\framework\src\Illuminate\Foundation\Http\Middleware\TransformsRequest.php:30
[29-Oct-2017 23:02:32 PRC] PHP  16. Illuminate\Routing\Pipeline->Illuminate\Pipeline\{closure}() F:\phpStudy\WWW\MondayShop\vendor\laravel\framework\src\Illuminate\Routing\Pipeline.php:53
[29-Oct-2017 23:02:32 PRC] PHP  17. Illuminate\Foundation\Http\Middleware\ConvertEmptyStringsToNull->handle() F:\phpStudy\WWW\MondayShop\vendor\laravel\framework\src\Illuminate\Pipeline\Pipeline.php:149
[29-Oct-2017 23:02:32 PRC] PHP  18. Illuminate\Routing\Pipeline->Illuminate\Routing\{closure}() F:\phpStudy\WWW\MondayShop\vendor\laravel\framework\src\Illuminate\Foundation\Http\Middleware\TransformsRequest.php:30
[29-Oct-2017 23:02:32 PRC] PHP  19. Illuminate\Routing\Pipeline->Illuminate\Pipeline\{closure}() F:\phpStudy\WWW\MondayShop\vendor\laravel\framework\src\Illuminate\Routing\Pipeline.php:53
[29-Oct-2017 23:02:32 PRC] PHP  20. App\Http\Middleware\TrustProxies->handle() F:\phpStudy\WWW\MondayShop\vendor\laravel\framework\src\Illuminate\Pipeline\Pipeline.php:149
[29-Oct-2017 23:02:32 PRC] PHP  21. Illuminate\Routing\Pipeline->Illuminate\Routing\{closure}() F:\phpStudy\WWW\MondayShop\vendor\fideloper\proxy\src\TrustProxies.php:56
[29-Oct-2017 23:02:32 PRC] PHP  22. App\Http\Kernel->Illuminate\Foundation\Http\{closure}() F:\phpStudy\WWW\MondayShop\vendor\laravel\framework\src\Illuminate\Routing\Pipeline.php:30
[29-Oct-2017 23:02:32 PRC] PHP  23. Illuminate\Routing\Router->dispatch() F:\phpStudy\WWW\MondayShop\vendor\laravel\framework\src\Illuminate\Foundation\Http\Kernel.php:176
[29-Oct-2017 23:02:32 PRC] PHP  24. Illuminate\Routing\Router->dispatchToRoute() F:\phpStudy\WWW\MondayShop\vendor\laravel\framework\src\Illuminate\Routing\Router.php:577
[29-Oct-2017 23:02:32 PRC] PHP  25. Illuminate\Routing\Router->runRoute() F:\phpStudy\WWW\MondayShop\vendor\laravel\framework\src\Illuminate\Routing\Router.php:588
[29-Oct-2017 23:02:32 PRC] PHP  26. Illuminate\Routing\Router->runRouteWithinStack() F:\phpStudy\WWW\MondayShop\vendor\laravel\framework\src\Illuminate\Routing\Router.php:622
[29-Oct-2017 23:02:32 PRC] PHP  27. Illuminate\Routing\Pipeline->then() F:\phpStudy\WWW\MondayShop\vendor\laravel\framework\src\Illuminate\Routing\Router.php:647
[29-Oct-2017 23:02:32 PRC] PHP  28. Illuminate\Routing\Pipeline->Illuminate\Routing\{closure}() F:\phpStudy\WWW\MondayShop\vendor\laravel\framework\src\Illuminate\Pipeline\Pipeline.php:102
[29-Oct-2017 23:02:32 PRC] PHP  29. Illuminate\Routing\Pipeline->Illuminate\Pipeline\{closure}() F:\phpStudy\WWW\MondayShop\vendor\laravel\framework\src\Illuminate\Routing\Pipeline.php:53
[29-Oct-2017 23:02:32 PRC] PHP  30. App\Http\Middleware\EncryptCookies->handle() F:\phpStudy\WWW\MondayShop\vendor\laravel\framework\src\Illuminate\Pipeline\Pipeline.php:149
[29-Oct-2017 23:02:32 PRC] PHP  31. Illuminate\Routing\Pipeline->Illuminate\Routing\{closure}() F:\phpStudy\WWW\MondayShop\vendor\laravel\framework\src\Illuminate\Cookie\Middleware\EncryptCookies.php:59
[29-Oct-2017 23:02:32 PRC] PHP  32. Illuminate\Routing\Pipeline->Illuminate\Pipeline\{closure}() F:\phpStudy\WWW\MondayShop\vendor\laravel\framework\src\Illuminate\Routing\Pipeline.php:53
[29-Oct-2017 23:02:32 PRC] PHP  33. Illuminate\Cookie\Middleware\AddQueuedCookiesToResponse->handle() F:\phpStudy\WWW\MondayShop\vendor\laravel\framework\src\Illuminate\Pipeline\Pipeline.php:149
[29-Oct-2017 23:02:32 PRC] PHP  34. Illuminate\Routing\Pipeline->Illuminate\Routing\{closure}() F:\phpStudy\WWW\MondayShop\vendor\laravel\framework\src\Illuminate\Cookie\Middleware\AddQueuedCookiesToResponse.php:37
[29-Oct-2017 23:02:32 PRC] PHP  35. Illuminate\Routing\Pipeline->Illuminate\Pipeline\{closure}() F:\phpStudy\WWW\MondayShop\vendor\laravel\framework\src\Illuminate\Routing\Pipeline.php:53
[29-Oct-2017 23:02:32 PRC] PHP  36. Illuminate\Session\Middleware\StartSession->handle() F:\phpStudy\WWW\MondayShop\vendor\laravel\framework\src\Illuminate\Pipeline\Pipeline.php:149
[29-Oct-2017 23:02:32 PRC] PHP  37. Illuminate\Routing\Pipeline->Illuminate\Routing\{closure}() F:\phpStudy\WWW\MondayShop\vendor\laravel\framework\src\Illuminate\Session\Middleware\StartSession.php:63
[29-Oct-2017 23:02:32 PRC] PHP  38. Illuminate\Routing\Pipeline->Illuminate\Pipeline\{closure}() F:\phpStudy\WWW\MondayShop\vendor\laravel\framework\src\Illuminate\Routing\Pipeline.php:53
[29-Oct-2017 23:02:32 PRC] PHP  39. Illuminate\View\Middleware\ShareErrorsFromSession->handle() F:\phpStudy\WWW\MondayShop\vendor\laravel\framework\src\Illuminate\Pipeline\Pipeline.php:149
[29-Oct-2017 23:02:32 PRC] PHP  40. Illuminate\Routing\Pipeline->Illuminate\Routing\{closure}() F:\phpStudy\WWW\MondayShop\vendor\laravel\framework\src\Illuminate\View\Middleware\ShareErrorsFromSession.php:49
[29-Oct-2017 23:02:32 PRC] PHP  41. Illuminate\Routing\Pipeline->Illuminate\Pipeline\{closure}() F:\phpStudy\WWW\MondayShop\vendor\laravel\framework\src\Illuminate\Routing\Pipeline.php:53
[29-Oct-2017 23:02:32 PRC] PHP  42. App\Http\Middleware\VerifyCsrfToken->handle() F:\phpStudy\WWW\MondayShop\vendor\laravel\framework\src\Illuminate\Pipeline\Pipeline.php:149
[29-Oct-2017 23:02:32 PRC] PHP  43. Illuminate\Routing\Pipeline->Illuminate\Routing\{closure}() F:\phpStudy\WWW\MondayShop\vendor\laravel\framework\src\Illuminate\Foundation\Http\Middleware\VerifyCsrfToken.php:67
[29-Oct-2017 23:02:32 PRC] PHP  44. Illuminate\Routing\Pipeline->Illuminate\Pipeline\{closure}() F:\phpStudy\WWW\MondayShop\vendor\laravel\framework\src\Illuminate\Routing\Pipeline.php:53
[29-Oct-2017 23:02:32 PRC] PHP  45. Illuminate\Routing\Middleware\SubstituteBindings->handle() F:\phpStudy\WWW\MondayShop\vendor\laravel\framework\src\Illuminate\Pipeline\Pipeline.php:149
[29-Oct-2017 23:02:32 PRC] PHP  46. Illuminate\Routing\Pipeline->Illuminate\Routing\{closure}() F:\phpStudy\WWW\MondayShop\vendor\laravel\framework\src\Illuminate\Routing\Middleware\SubstituteBindings.php:41
[29-Oct-2017 23:02:32 PRC] PHP  47. Illuminate\Routing\Pipeline->Illuminate\Pipeline\{closure}() F:\phpStudy\WWW\MondayShop\vendor\laravel\framework\src\Illuminate\Routing\Pipeline.php:53
[29-Oct-2017 23:02:32 PRC] PHP  48. App\Http\Middleware\AdminAuth->handle() F:\phpStudy\WWW\MondayShop\vendor\laravel\framework\src\Illuminate\Pipeline\Pipeline.php:149
[29-Oct-2017 23:02:32 PRC] PHP  49. Illuminate\Routing\Pipeline->Illuminate\Routing\{closure}() F:\phpStudy\WWW\MondayShop\app\Http\Middleware\AdminAuth.php:24
[29-Oct-2017 23:02:32 PRC] PHP  50. Illuminate\Routing\Router->Illuminate\Routing\{closure}() F:\phpStudy\WWW\MondayShop\vendor\laravel\framework\src\Illuminate\Routing\Pipeline.php:30
[29-Oct-2017 23:02:32 PRC] PHP  51. Illuminate\Routing\Router->prepareResponse() F:\phpStudy\WWW\MondayShop\vendor\laravel\framework\src\Illuminate\Routing\Router.php:645
[29-Oct-2017 23:02:32 PRC] PHP  52. Illuminate\Routing\Router::toResponse() F:\phpStudy\WWW\MondayShop\vendor\laravel\framework\src\Illuminate\Routing\Router.php:685
[29-Oct-2017 23:02:32 PRC] PHP  53. Illuminate\Http\Response->__construct() F:\phpStudy\WWW\MondayShop\vendor\laravel\framework\src\Illuminate\Routing\Router.php:711
[29-Oct-2017 23:02:32 PRC] PHP  54. Illuminate\Http\Response->setContent() F:\phpStudy\WWW\MondayShop\vendor\symfony\http-foundation\Response.php:199
[29-Oct-2017 23:02:32 PRC] PHP  55. Illuminate\View\View->render() F:\phpStudy\WWW\MondayShop\vendor\laravel\framework\src\Illuminate\Http\Response.php:42
[29-Oct-2017 23:02:32 PRC] PHP  56. Illuminate\View\View->renderContents() F:\phpStudy\WWW\MondayShop\vendor\laravel\framework\src\Illuminate\View\View.php:85
[29-Oct-2017 23:02:32 PRC] PHP  57. Illuminate\View\View->getContents() F:\phpStudy\WWW\MondayShop\vendor\laravel\framework\src\Illuminate\View\View.php:120
[29-Oct-2017 23:02:32 PRC] PHP  58. Illuminate\View\Engines\CompilerEngine->get() F:\phpStudy\WWW\MondayShop\vendor\laravel\framework\src\Illuminate\View\View.php:137
[29-Oct-2017 23:02:32 PRC] PHP  59. Illuminate\View\Engines\CompilerEngine->evaluatePath() F:\phpStudy\WWW\MondayShop\vendor\laravel\framework\src\Illuminate\View\Engines\CompilerEngine.php:59
[02-Nov-2017 09:11:41 PRC] PHP Fatal error:  Trait 'App\Http\Controllers\Api\ProductTrait' not found in F:\phpStudy\WWW\MondayShop\app\Http\Controllers\Admin\ProductController.php on line 16
[02-Nov-2017 09:11:41 PRC] PHP Stack trace:
[02-Nov-2017 09:11:41 PRC] PHP   1. {main}() F:\phpStudy\WWW\MondayShop\server.php:0
[02-Nov-2017 09:11:41 PRC] PHP   2. require_once() F:\phpStudy\WWW\MondayShop\server.php:23
[02-Nov-2017 09:11:41 PRC] PHP   3. App\Http\Kernel->handle() F:\phpStudy\WWW\MondayShop\public\index.php:55
[02-Nov-2017 09:11:41 PRC] PHP   4. App\Http\Kernel->sendRequestThroughRouter() F:\phpStudy\WWW\MondayShop\vendor\laravel\framework\src\Illuminate\Foundation\Http\Kernel.php:116
[02-Nov-2017 09:11:41 PRC] PHP   5. Illuminate\Routing\Pipeline->then() F:\phpStudy\WWW\MondayShop\vendor\laravel\framework\src\Illuminate\Foundation\Http\Kernel.php:151
[02-Nov-2017 09:11:41 PRC] PHP   6. Illuminate\Routing\Pipeline->Illuminate\Routing\{closure}() F:\phpStudy\WWW\MondayShop\vendor\laravel\framework\src\Illuminate\Pipeline\Pipeline.php:102
[02-Nov-2017 09:11:41 PRC] PHP   7. Illuminate\Routing\Pipeline->Illuminate\Pipeline\{closure}() F:\phpStudy\WWW\MondayShop\vendor\laravel\framework\src\Illuminate\Routing\Pipeline.php:53
[02-Nov-2017 09:11:41 PRC] PHP   8. Illuminate\Foundation\Http\Middleware\CheckForMaintenanceMode->handle() F:\phpStudy\WWW\MondayShop\vendor\laravel\framework\src\Illuminate\Pipeline\Pipeline.php:149
[02-Nov-2017 09:11:41 PRC] PHP   9. Illuminate\Routing\Pipeline->Illuminate\Routing\{closure}() F:\phpStudy\WWW\MondayShop\vendor\laravel\framework\src\Illuminate\Foundation\Http\Middleware\CheckForMaintenanceMode.php:46
[02-Nov-2017 09:11:41 PRC] PHP  10. Illuminate\Routing\Pipeline->Illuminate\Pipeline\{closure}() F:\phpStudy\WWW\MondayShop\vendor\laravel\framework\src\Illuminate\Routing\Pipeline.php:53
[02-Nov-2017 09:11:41 PRC] PHP  11. Illuminate\Foundation\Http\Middleware\ValidatePostSize->handle() F:\phpStudy\WWW\MondayShop\vendor\laravel\framework\src\Illuminate\Pipeline\Pipeline.php:149
[02-Nov-2017 09:11:41 PRC] PHP  12. Illuminate\Routing\Pipeline->Illuminate\Routing\{closure}() F:\phpStudy\WWW\MondayShop\vendor\laravel\framework\src\Illuminate\Foundation\Http\Middleware\ValidatePostSize.php:27
[02-Nov-2017 09:11:41 PRC] PHP  13. Illuminate\Routing\Pipeline->Illuminate\Pipeline\{closure}() F:\phpStudy\WWW\MondayShop\vendor\laravel\framework\src\Illuminate\Routing\Pipeline.php:53
[02-Nov-2017 09:11:41 PRC] PHP  14. App\Http\Middleware\TrimStrings->handle() F:\phpStudy\WWW\MondayShop\vendor\laravel\framework\src\Illuminate\Pipeline\Pipeline.php:149
[02-Nov-2017 09:11:41 PRC] PHP  15. Illuminate\Routing\Pipeline->Illuminate\Routing\{closure}() F:\phpStudy\WWW\MondayShop\vendor\laravel\framework\src\Illuminate\Foundation\Http\Middleware\TransformsRequest.php:30
[02-Nov-2017 09:11:41 PRC] PHP  16. Illuminate\Routing\Pipeline->Illuminate\Pipeline\{closure}() F:\phpStudy\WWW\MondayShop\vendor\laravel\framework\src\Illuminate\Routing\Pipeline.php:53
[02-Nov-2017 09:11:41 PRC] PHP  17. Illuminate\Foundation\Http\Middleware\ConvertEmptyStringsToNull->handle() F:\phpStudy\WWW\MondayShop\vendor\laravel\framework\src\Illuminate\Pipeline\Pipeline.php:149
[02-Nov-2017 09:11:41 PRC] PHP  18. Illuminate\Routing\Pipeline->Illuminate\Routing\{closure}() F:\phpStudy\WWW\MondayShop\vendor\laravel\framework\src\Illuminate\Foundation\Http\Middleware\TransformsRequest.php:30
[02-Nov-2017 09:11:41 PRC] PHP  19. Illuminate\Routing\Pipeline->Illuminate\Pipeline\{closure}() F:\phpStudy\WWW\MondayShop\vendor\laravel\framework\src\Illuminate\Routing\Pipeline.php:53
[02-Nov-2017 09:11:41 PRC] PHP  20. App\Http\Middleware\TrustProxies->handle() F:\phpStudy\WWW\MondayShop\vendor\laravel\framework\src\Illuminate\Pipeline\Pipeline.php:149
[02-Nov-2017 09:11:41 PRC] PHP  21. Illuminate\Routing\Pipeline->Illuminate\Routing\{closure}() F:\phpStudy\WWW\MondayShop\vendor\fideloper\proxy\src\TrustProxies.php:56
[02-Nov-2017 09:11:41 PRC] PHP  22. App\Http\Kernel->Illuminate\Foundation\Http\{closure}() F:\phpStudy\WWW\MondayShop\vendor\laravel\framework\src\Illuminate\Routing\Pipeline.php:30
[02-Nov-2017 09:11:41 PRC] PHP  23. Illuminate\Routing\Router->dispatch() F:\phpStudy\WWW\MondayShop\vendor\laravel\framework\src\Illuminate\Foundation\Http\Kernel.php:176
[02-Nov-2017 09:11:41 PRC] PHP  24. Illuminate\Routing\Router->dispatchToRoute() F:\phpStudy\WWW\MondayShop\vendor\laravel\framework\src\Illuminate\Routing\Router.php:577
[02-Nov-2017 09:11:41 PRC] PHP  25. Illuminate\Routing\Router->runRoute() F:\phpStudy\WWW\MondayShop\vendor\laravel\framework\src\Illuminate\Routing\Router.php:588
[02-Nov-2017 09:11:41 PRC] PHP  26. Illuminate\Routing\Router->runRouteWithinStack() F:\phpStudy\WWW\MondayShop\vendor\laravel\framework\src\Illuminate\Routing\Router.php:622
[02-Nov-2017 09:11:41 PRC] PHP  27. Illuminate\Routing\Router->gatherRouteMiddleware() F:\phpStudy\WWW\MondayShop\vendor\laravel\framework\src\Illuminate\Routing\Router.php:638
[02-Nov-2017 09:11:41 PRC] PHP  28. Illuminate\Routing\Route->gatherMiddleware() F:\phpStudy\WWW\MondayShop\vendor\laravel\framework\src\Illuminate\Routing\Router.php:658
[02-Nov-2017 09:11:41 PRC] PHP  29. Illuminate\Routing\Route->controllerMiddleware() F:\phpStudy\WWW\MondayShop\vendor\laravel\framework\src\Illuminate\Routing\Route.php:757
[02-Nov-2017 09:11:41 PRC] PHP  30. Illuminate\Routing\Route->getController() F:\phpStudy\WWW\MondayShop\vendor\laravel\framework\src\Illuminate\Routing\Route.php:796
[02-Nov-2017 09:11:41 PRC] PHP  31. Illuminate\Foundation\Application->make() F:\phpStudy\WWW\MondayShop\vendor\laravel\framework\src\Illuminate\Routing\Route.php:226
[02-Nov-2017 09:11:41 PRC] PHP  32. Illuminate\Foundation\Application->make() F:\phpStudy\WWW\MondayShop\vendor\laravel\framework\src\Illuminate\Foundation\Application.php:721
[02-Nov-2017 09:11:41 PRC] PHP  33. Illuminate\Foundation\Application->resolve() F:\phpStudy\WWW\MondayShop\vendor\laravel\framework\src\Illuminate\Container\Container.php:586
[02-Nov-2017 09:11:41 PRC] PHP  34. Illuminate\Foundation\Application->build() F:\phpStudy\WWW\MondayShop\vendor\laravel\framework\src\Illuminate\Container\Container.php:631
[02-Nov-2017 09:11:41 PRC] PHP  35. ReflectionClass->__construct() F:\phpStudy\WWW\MondayShop\vendor\laravel\framework\src\Illuminate\Container\Container.php:752
[02-Nov-2017 09:11:41 PRC] PHP  36. spl_autoload_call() F:\phpStudy\WWW\MondayShop\vendor\laravel\framework\src\Illuminate\Container\Container.php:752
[02-Nov-2017 09:11:41 PRC] PHP  37. Composer\Autoload\ClassLoader->loadClass() F:\phpStudy\WWW\MondayShop\vendor\laravel\framework\src\Illuminate\Container\Container.php:752
[02-Nov-2017 09:11:41 PRC] PHP  38. Composer\Autoload\includeFile() F:\phpStudy\WWW\MondayShop\vendor\composer\ClassLoader.php:322
[02-Nov-2017 09:11:41 PRC] PHP  39. include() F:\phpStudy\WWW\MondayShop\vendor\composer\ClassLoader.php:444
[02-Nov-2017 09:15:06 PRC] PHP Fatal error:  Trait 'App\Http\Controllers\Api\ProductTrait' not found in F:\phpStudy\WWW\MondayShop\app\Http\Controllers\Admin\ProductController.php on line 16
[02-Nov-2017 09:15:06 PRC] PHP Stack trace:
[02-Nov-2017 09:15:06 PRC] PHP   1. {main}() F:\phpStudy\WWW\MondayShop\server.php:0
[02-Nov-2017 09:15:06 PRC] PHP   2. require_once() F:\phpStudy\WWW\MondayShop\server.php:23
[02-Nov-2017 09:15:06 PRC] PHP   3. App\Http\Kernel->handle() F:\phpStudy\WWW\MondayShop\public\index.php:55
[02-Nov-2017 09:15:06 PRC] PHP   4. App\Http\Kernel->sendRequestThroughRouter() F:\phpStudy\WWW\MondayShop\vendor\laravel\framework\src\Illuminate\Foundation\Http\Kernel.php:116
[02-Nov-2017 09:15:06 PRC] PHP   5. Illuminate\Routing\Pipeline->then() F:\phpStudy\WWW\MondayShop\vendor\laravel\framework\src\Illuminate\Foundation\Http\Kernel.php:151
[02-Nov-2017 09:15:06 PRC] PHP   6. Illuminate\Routing\Pipeline->Illuminate\Routing\{closure}() F:\phpStudy\WWW\MondayShop\vendor\laravel\framework\src\Illuminate\Pipeline\Pipeline.php:102
[02-Nov-2017 09:15:06 PRC] PHP   7. Illuminate\Routing\Pipeline->Illuminate\Pipeline\{closure}() F:\phpStudy\WWW\MondayShop\vendor\laravel\framework\src\Illuminate\Routing\Pipeline.php:53
[02-Nov-2017 09:15:06 PRC] PHP   8. Illuminate\Foundation\Http\Middleware\CheckForMaintenanceMode->handle() F:\phpStudy\WWW\MondayShop\vendor\laravel\framework\src\Illuminate\Pipeline\Pipeline.php:149
[02-Nov-2017 09:15:06 PRC] PHP   9. Illuminate\Routing\Pipeline->Illuminate\Routing\{closure}() F:\phpStudy\WWW\MondayShop\vendor\laravel\framework\src\Illuminate\Foundation\Http\Middleware\CheckForMaintenanceMode.php:46
[02-Nov-2017 09:15:06 PRC] PHP  10. Illuminate\Routing\Pipeline->Illuminate\Pipeline\{closure}() F:\phpStudy\WWW\MondayShop\vendor\laravel\framework\src\Illuminate\Routing\Pipeline.php:53
[02-Nov-2017 09:15:06 PRC] PHP  11. Illuminate\Foundation\Http\Middleware\ValidatePostSize->handle() F:\phpStudy\WWW\MondayShop\vendor\laravel\framework\src\Illuminate\Pipeline\Pipeline.php:149
[02-Nov-2017 09:15:06 PRC] PHP  12. Illuminate\Routing\Pipeline->Illuminate\Routing\{closure}() F:\phpStudy\WWW\MondayShop\vendor\laravel\framework\src\Illuminate\Foundation\Http\Middleware\ValidatePostSize.php:27
[02-Nov-2017 09:15:06 PRC] PHP  13. Illuminate\Routing\Pipeline->Illuminate\Pipeline\{closure}() F:\phpStudy\WWW\MondayShop\vendor\laravel\framework\src\Illuminate\Routing\Pipeline.php:53
[02-Nov-2017 09:15:06 PRC] PHP  14. App\Http\Middleware\TrimStrings->handle() F:\phpStudy\WWW\MondayShop\vendor\laravel\framework\src\Illuminate\Pipeline\Pipeline.php:149
[02-Nov-2017 09:15:06 PRC] PHP  15. Illuminate\Routing\Pipeline->Illuminate\Routing\{closure}() F:\phpStudy\WWW\MondayShop\vendor\laravel\framework\src\Illuminate\Foundation\Http\Middleware\TransformsRequest.php:30
[02-Nov-2017 09:15:06 PRC] PHP  16. Illuminate\Routing\Pipeline->Illuminate\Pipeline\{closure}() F:\phpStudy\WWW\MondayShop\vendor\laravel\framework\src\Illuminate\Routing\Pipeline.php:53
[02-Nov-2017 09:15:06 PRC] PHP  17. Illuminate\Foundation\Http\Middleware\ConvertEmptyStringsToNull->handle() F:\phpStudy\WWW\MondayShop\vendor\laravel\framework\src\Illuminate\Pipeline\Pipeline.php:149
[02-Nov-2017 09:15:06 PRC] PHP  18. Illuminate\Routing\Pipeline->Illuminate\Routing\{closure}() F:\phpStudy\WWW\MondayShop\vendor\laravel\framework\src\Illuminate\Foundation\Http\Middleware\TransformsRequest.php:30
[02-Nov-2017 09:15:06 PRC] PHP  19. Illuminate\Routing\Pipeline->Illuminate\Pipeline\{closure}() F:\phpStudy\WWW\MondayShop\vendor\laravel\framework\src\Illuminate\Routing\Pipeline.php:53
[02-Nov-2017 09:15:06 PRC] PHP  20. App\Http\Middleware\TrustProxies->handle() F:\phpStudy\WWW\MondayShop\vendor\laravel\framework\src\Illuminate\Pipeline\Pipeline.php:149
[02-Nov-2017 09:15:06 PRC] PHP  21. Illuminate\Routing\Pipeline->Illuminate\Routing\{closure}() F:\phpStudy\WWW\MondayShop\vendor\fideloper\proxy\src\TrustProxies.php:56
[02-Nov-2017 09:15:06 PRC] PHP  22. App\Http\Kernel->Illuminate\Foundation\Http\{closure}() F:\phpStudy\WWW\MondayShop\vendor\laravel\framework\src\Illuminate\Routing\Pipeline.php:30
[02-Nov-2017 09:15:06 PRC] PHP  23. Illuminate\Routing\Router->dispatch() F:\phpStudy\WWW\MondayShop\vendor\laravel\framework\src\Illuminate\Foundation\Http\Kernel.php:176
[02-Nov-2017 09:15:06 PRC] PHP  24. Illuminate\Routing\Router->dispatchToRoute() F:\phpStudy\WWW\MondayShop\vendor\laravel\framework\src\Illuminate\Routing\Router.php:577
[02-Nov-2017 09:15:06 PRC] PHP  25. Illuminate\Routing\Router->runRoute() F:\phpStudy\WWW\MondayShop\vendor\laravel\framework\src\Illuminate\Routing\Router.php:588
[02-Nov-2017 09:15:06 PRC] PHP  26. Illuminate\Routing\Router->runRouteWithinStack() F:\phpStudy\WWW\MondayShop\vendor\laravel\framework\src\Illuminate\Routing\Router.php:622
[02-Nov-2017 09:15:06 PRC] PHP  27. Illuminate\Routing\Router->gatherRouteMiddleware() F:\phpStudy\WWW\MondayShop\vendor\laravel\framework\src\Illuminate\Routing\Router.php:638
[02-Nov-2017 09:15:06 PRC] PHP  28. Illuminate\Routing\Route->gatherMiddleware() F:\phpStudy\WWW\MondayShop\vendor\laravel\framework\src\Illuminate\Routing\Router.php:658
[02-Nov-2017 09:15:06 PRC] PHP  29. Illuminate\Routing\Route->controllerMiddleware() F:\phpStudy\WWW\MondayShop\vendor\laravel\framework\src\Illuminate\Routing\Route.php:757
[02-Nov-2017 09:15:06 PRC] PHP  30. Illuminate\Routing\Route->getController() F:\phpStudy\WWW\MondayShop\vendor\laravel\framework\src\Illuminate\Routing\Route.php:796
[02-Nov-2017 09:15:06 PRC] PHP  31. Illuminate\Foundation\Application->make() F:\phpStudy\WWW\MondayShop\vendor\laravel\framework\src\Illuminate\Routing\Route.php:226
[02-Nov-2017 09:15:06 PRC] PHP  32. Illuminate\Foundation\Application->make() F:\phpStudy\WWW\MondayShop\vendor\laravel\framework\src\Illuminate\Foundation\Application.php:721
[02-Nov-2017 09:15:06 PRC] PHP  33. Illuminate\Foundation\Application->resolve() F:\phpStudy\WWW\MondayShop\vendor\laravel\framework\src\Illuminate\Container\Container.php:586
[02-Nov-2017 09:15:06 PRC] PHP  34. Illuminate\Foundation\Application->build() F:\phpStudy\WWW\MondayShop\vendor\laravel\framework\src\Illuminate\Container\Container.php:631
[02-Nov-2017 09:15:06 PRC] PHP  35. ReflectionClass->__construct() F:\phpStudy\WWW\MondayShop\vendor\laravel\framework\src\Illuminate\Container\Container.php:752
[02-Nov-2017 09:15:06 PRC] PHP  36. spl_autoload_call() F:\phpStudy\WWW\MondayShop\vendor\laravel\framework\src\Illuminate\Container\Container.php:752
[02-Nov-2017 09:15:06 PRC] PHP  37. Composer\Autoload\ClassLoader->loadClass() F:\phpStudy\WWW\MondayShop\vendor\laravel\framework\src\Illuminate\Container\Container.php:752
[02-Nov-2017 09:15:06 PRC] PHP  38. Composer\Autoload\includeFile() F:\phpStudy\WWW\MondayShop\vendor\composer\ClassLoader.php:322
[02-Nov-2017 09:15:06 PRC] PHP  39. include() F:\phpStudy\WWW\MondayShop\vendor\composer\ClassLoader.php:444
[02-Nov-2017 09:15:12 PRC] PHP Fatal error:  Trait 'App\Http\Controllers\Api\ProductTrait' not found in F:\phpStudy\WWW\MondayShop\app\Http\Controllers\Admin\ProductController.php on line 16
[02-Nov-2017 09:15:12 PRC] PHP Stack trace:
[02-Nov-2017 09:15:12 PRC] PHP   1. {main}() F:\phpStudy\WWW\MondayShop\server.php:0
[02-Nov-2017 09:15:12 PRC] PHP   2. require_once() F:\phpStudy\WWW\MondayShop\server.php:23
[02-Nov-2017 09:15:12 PRC] PHP   3. App\Http\Kernel->handle() F:\phpStudy\WWW\MondayShop\public\index.php:55
[02-Nov-2017 09:15:12 PRC] PHP   4. App\Http\Kernel->sendRequestThroughRouter() F:\phpStudy\WWW\MondayShop\vendor\laravel\framework\src\Illuminate\Foundation\Http\Kernel.php:116
[02-Nov-2017 09:15:12 PRC] PHP   5. Illuminate\Routing\Pipeline->then() F:\phpStudy\WWW\MondayShop\vendor\laravel\framework\src\Illuminate\Foundation\Http\Kernel.php:151
[02-Nov-2017 09:15:12 PRC] PHP   6. Illuminate\Routing\Pipeline->Illuminate\Routing\{closure}() F:\phpStudy\WWW\MondayShop\vendor\laravel\framework\src\Illuminate\Pipeline\Pipeline.php:102
[02-Nov-2017 09:15:12 PRC] PHP   7. Illuminate\Routing\Pipeline->Illuminate\Pipeline\{closure}() F:\phpStudy\WWW\MondayShop\vendor\laravel\framework\src\Illuminate\Routing\Pipeline.php:53
[02-Nov-2017 09:15:12 PRC] PHP   8. Illuminate\Foundation\Http\Middleware\CheckForMaintenanceMode->handle() F:\phpStudy\WWW\MondayShop\vendor\laravel\framework\src\Illuminate\Pipeline\Pipeline.php:149
[02-Nov-2017 09:15:12 PRC] PHP   9. Illuminate\Routing\Pipeline->Illuminate\Routing\{closure}() F:\phpStudy\WWW\MondayShop\vendor\laravel\framework\src\Illuminate\Foundation\Http\Middleware\CheckForMaintenanceMode.php:46
[02-Nov-2017 09:15:12 PRC] PHP  10. Illuminate\Routing\Pipeline->Illuminate\Pipeline\{closure}() F:\phpStudy\WWW\MondayShop\vendor\laravel\framework\src\Illuminate\Routing\Pipeline.php:53
[02-Nov-2017 09:15:12 PRC] PHP  11. Illuminate\Foundation\Http\Middleware\ValidatePostSize->handle() F:\phpStudy\WWW\MondayShop\vendor\laravel\framework\src\Illuminate\Pipeline\Pipeline.php:149
[02-Nov-2017 09:15:12 PRC] PHP  12. Illuminate\Routing\Pipeline->Illuminate\Routing\{closure}() F:\phpStudy\WWW\MondayShop\vendor\laravel\framework\src\Illuminate\Foundation\Http\Middleware\ValidatePostSize.php:27
[02-Nov-2017 09:15:12 PRC] PHP  13. Illuminate\Routing\Pipeline->Illuminate\Pipeline\{closure}() F:\phpStudy\WWW\MondayShop\vendor\laravel\framework\src\Illuminate\Routing\Pipeline.php:53
[02-Nov-2017 09:15:12 PRC] PHP  14. App\Http\Middleware\TrimStrings->handle() F:\phpStudy\WWW\MondayShop\vendor\laravel\framework\src\Illuminate\Pipeline\Pipeline.php:149
[02-Nov-2017 09:15:12 PRC] PHP  15. Illuminate\Routing\Pipeline->Illuminate\Routing\{closure}() F:\phpStudy\WWW\MondayShop\vendor\laravel\framework\src\Illuminate\Foundation\Http\Middleware\TransformsRequest.php:30
[02-Nov-2017 09:15:12 PRC] PHP  16. Illuminate\Routing\Pipeline->Illuminate\Pipeline\{closure}() F:\phpStudy\WWW\MondayShop\vendor\laravel\framework\src\Illuminate\Routing\Pipeline.php:53
[02-Nov-2017 09:15:12 PRC] PHP  17. Illuminate\Foundation\Http\Middleware\ConvertEmptyStringsToNull->handle() F:\phpStudy\WWW\MondayShop\vendor\laravel\framework\src\Illuminate\Pipeline\Pipeline.php:149
[02-Nov-2017 09:15:12 PRC] PHP  18. Illuminate\Routing\Pipeline->Illuminate\Routing\{closure}() F:\phpStudy\WWW\MondayShop\vendor\laravel\framework\src\Illuminate\Foundation\Http\Middleware\TransformsRequest.php:30
[02-Nov-2017 09:15:12 PRC] PHP  19. Illuminate\Routing\Pipeline->Illuminate\Pipeline\{closure}() F:\phpStudy\WWW\MondayShop\vendor\laravel\framework\src\Illuminate\Routing\Pipeline.php:53
[02-Nov-2017 09:15:12 PRC] PHP  20. App\Http\Middleware\TrustProxies->handle() F:\phpStudy\WWW\MondayShop\vendor\laravel\framework\src\Illuminate\Pipeline\Pipeline.php:149
[02-Nov-2017 09:15:12 PRC] PHP  21. Illuminate\Routing\Pipeline->Illuminate\Routing\{closure}() F:\phpStudy\WWW\MondayShop\vendor\fideloper\proxy\src\TrustProxies.php:56
[02-Nov-2017 09:15:12 PRC] PHP  22. App\Http\Kernel->Illuminate\Foundation\Http\{closure}() F:\phpStudy\WWW\MondayShop\vendor\laravel\framework\src\Illuminate\Routing\Pipeline.php:30
[02-Nov-2017 09:15:12 PRC] PHP  23. Illuminate\Routing\Router->dispatch() F:\phpStudy\WWW\MondayShop\vendor\laravel\framework\src\Illuminate\Foundation\Http\Kernel.php:176
[02-Nov-2017 09:15:12 PRC] PHP  24. Illuminate\Routing\Router->dispatchToRoute() F:\phpStudy\WWW\MondayShop\vendor\laravel\framework\src\Illuminate\Routing\Router.php:577
[02-Nov-2017 09:15:12 PRC] PHP  25. Illuminate\Routing\Router->runRoute() F:\phpStudy\WWW\MondayShop\vendor\laravel\framework\src\Illuminate\Routing\Router.php:588
[02-Nov-2017 09:15:12 PRC] PHP  26. Illuminate\Routing\Router->runRouteWithinStack() F:\phpStudy\WWW\MondayShop\vendor\laravel\framework\src\Illuminate\Routing\Router.php:622
[02-Nov-2017 09:15:12 PRC] PHP  27. Illuminate\Routing\Router->gatherRouteMiddleware() F:\phpStudy\WWW\MondayShop\vendor\laravel\framework\src\Illuminate\Routing\Router.php:638
[02-Nov-2017 09:15:12 PRC] PHP  28. Illuminate\Routing\Route->gatherMiddleware() F:\phpStudy\WWW\MondayShop\vendor\laravel\framework\src\Illuminate\Routing\Router.php:658
[02-Nov-2017 09:15:12 PRC] PHP  29. Illuminate\Routing\Route->controllerMiddleware() F:\phpStudy\WWW\MondayShop\vendor\laravel\framework\src\Illuminate\Routing\Route.php:757
[02-Nov-2017 09:15:12 PRC] PHP  30. Illuminate\Routing\Route->getController() F:\phpStudy\WWW\MondayShop\vendor\laravel\framework\src\Illuminate\Routing\Route.php:796
[02-Nov-2017 09:15:12 PRC] PHP  31. Illuminate\Foundation\Application->make() F:\phpStudy\WWW\MondayShop\vendor\laravel\framework\src\Illuminate\Routing\Route.php:226
[02-Nov-2017 09:15:12 PRC] PHP  32. Illuminate\Foundation\Application->make() F:\phpStudy\WWW\MondayShop\vendor\laravel\framework\src\Illuminate\Foundation\Application.php:721
[02-Nov-2017 09:15:12 PRC] PHP  33. Illuminate\Foundation\Application->resolve() F:\phpStudy\WWW\MondayShop\vendor\laravel\framework\src\Illuminate\Container\Container.php:586
[02-Nov-2017 09:15:12 PRC] PHP  34. Illuminate\Foundation\Application->build() F:\phpStudy\WWW\MondayShop\vendor\laravel\framework\src\Illuminate\Container\Container.php:631
[02-Nov-2017 09:15:12 PRC] PHP  35. ReflectionClass->__construct() F:\phpStudy\WWW\MondayShop\vendor\laravel\framework\src\Illuminate\Container\Container.php:752
[02-Nov-2017 09:15:12 PRC] PHP  36. spl_autoload_call() F:\phpStudy\WWW\MondayShop\vendor\laravel\framework\src\Illuminate\Container\Container.php:752
[02-Nov-2017 09:15:12 PRC] PHP  37. Composer\Autoload\ClassLoader->loadClass() F:\phpStudy\WWW\MondayShop\vendor\laravel\framework\src\Illuminate\Container\Container.php:752
[02-Nov-2017 09:15:12 PRC] PHP  38. Composer\Autoload\includeFile() F:\phpStudy\WWW\MondayShop\vendor\composer\ClassLoader.php:322
[02-Nov-2017 09:15:12 PRC] PHP  39. include() F:\phpStudy\WWW\MondayShop\vendor\composer\ClassLoader.php:444
[04-Nov-2017 09:55:51 PRC] PHP Fatal error:  Cannot use isset() on the result of an expression (you can use "null !== expression" instead) in F:\phpStudy\WWW\MondayShop\storage\framework\views\746c7b2d9415b320baad34d457979d84759143bd.php on line 50
[04-Nov-2017 09:55:51 PRC] PHP Stack trace:
[04-Nov-2017 09:55:51 PRC] PHP   1. {main}() F:\phpStudy\WWW\MondayShop\server.php:0
[04-Nov-2017 09:55:51 PRC] PHP   2. require_once() F:\phpStudy\WWW\MondayShop\server.php:23
[04-Nov-2017 09:55:51 PRC] PHP   3. App\Http\Kernel->handle() F:\phpStudy\WWW\MondayShop\public\index.php:55
[04-Nov-2017 09:55:51 PRC] PHP   4. App\Http\Kernel->sendRequestThroughRouter() F:\phpStudy\WWW\MondayShop\vendor\laravel\framework\src\Illuminate\Foundation\Http\Kernel.php:116
[04-Nov-2017 09:55:51 PRC] PHP   5. Illuminate\Routing\Pipeline->then() F:\phpStudy\WWW\MondayShop\vendor\laravel\framework\src\Illuminate\Foundation\Http\Kernel.php:151
[04-Nov-2017 09:55:51 PRC] PHP   6. Illuminate\Routing\Pipeline->Illuminate\Routing\{closure}() F:\phpStudy\WWW\MondayShop\vendor\laravel\framework\src\Illuminate\Pipeline\Pipeline.php:102
[04-Nov-2017 09:55:51 PRC] PHP   7. Illuminate\Routing\Pipeline->Illuminate\Pipeline\{closure}() F:\phpStudy\WWW\MondayShop\vendor\laravel\framework\src\Illuminate\Routing\Pipeline.php:53
[04-Nov-2017 09:55:51 PRC] PHP   8. Illuminate\Foundation\Http\Middleware\CheckForMaintenanceMode->handle() F:\phpStudy\WWW\MondayShop\vendor\laravel\framework\src\Illuminate\Pipeline\Pipeline.php:149
[04-Nov-2017 09:55:51 PRC] PHP   9. Illuminate\Routing\Pipeline->Illuminate\Routing\{closure}() F:\phpStudy\WWW\MondayShop\vendor\laravel\framework\src\Illuminate\Foundation\Http\Middleware\CheckForMaintenanceMode.php:46
[04-Nov-2017 09:55:51 PRC] PHP  10. Illuminate\Routing\Pipeline->Illuminate\Pipeline\{closure}() F:\phpStudy\WWW\MondayShop\vendor\laravel\framework\src\Illuminate\Routing\Pipeline.php:53
[04-Nov-2017 09:55:51 PRC] PHP  11. Illuminate\Foundation\Http\Middleware\ValidatePostSize->handle() F:\phpStudy\WWW\MondayShop\vendor\laravel\framework\src\Illuminate\Pipeline\Pipeline.php:149
[04-Nov-2017 09:55:51 PRC] PHP  12. Illuminate\Routing\Pipeline->Illuminate\Routing\{closure}() F:\phpStudy\WWW\MondayShop\vendor\laravel\framework\src\Illuminate\Foundation\Http\Middleware\ValidatePostSize.php:27
[04-Nov-2017 09:55:51 PRC] PHP  13. Illuminate\Routing\Pipeline->Illuminate\Pipeline\{closure}() F:\phpStudy\WWW\MondayShop\vendor\laravel\framework\src\Illuminate\Routing\Pipeline.php:53
[04-Nov-2017 09:55:51 PRC] PHP  14. App\Http\Middleware\TrimStrings->handle() F:\phpStudy\WWW\MondayShop\vendor\laravel\framework\src\Illuminate\Pipeline\Pipeline.php:149
[04-Nov-2017 09:55:51 PRC] PHP  15. Illuminate\Routing\Pipeline->Illuminate\Routing\{closure}() F:\phpStudy\WWW\MondayShop\vendor\laravel\framework\src\Illuminate\Foundation\Http\Middleware\TransformsRequest.php:30
[04-Nov-2017 09:55:51 PRC] PHP  16. Illuminate\Routing\Pipeline->Illuminate\Pipeline\{closure}() F:\phpStudy\WWW\MondayShop\vendor\laravel\framework\src\Illuminate\Routing\Pipeline.php:53
[04-Nov-2017 09:55:51 PRC] PHP  17. Illuminate\Foundation\Http\Middleware\ConvertEmptyStringsToNull->handle() F:\phpStudy\WWW\MondayShop\vendor\laravel\framework\src\Illuminate\Pipeline\Pipeline.php:149
[04-Nov-2017 09:55:51 PRC] PHP  18. Illuminate\Routing\Pipeline->Illuminate\Routing\{closure}() F:\phpStudy\WWW\MondayShop\vendor\laravel\framework\src\Illuminate\Foundation\Http\Middleware\TransformsRequest.php:30
[04-Nov-2017 09:55:51 PRC] PHP  19. Illuminate\Routing\Pipeline->Illuminate\Pipeline\{closure}() F:\phpStudy\WWW\MondayShop\vendor\laravel\framework\src\Illuminate\Routing\Pipeline.php:53
[04-Nov-2017 09:55:51 PRC] PHP  20. App\Http\Middleware\TrustProxies->handle() F:\phpStudy\WWW\MondayShop\vendor\laravel\framework\src\Illuminate\Pipeline\Pipeline.php:149
[04-Nov-2017 09:55:51 PRC] PHP  21. Illuminate\Routing\Pipeline->Illuminate\Routing\{closure}() F:\phpStudy\WWW\MondayShop\vendor\fideloper\proxy\src\TrustProxies.php:56
[04-Nov-2017 09:55:51 PRC] PHP  22. App\Http\Kernel->Illuminate\Foundation\Http\{closure}() F:\phpStudy\WWW\MondayShop\vendor\laravel\framework\src\Illuminate\Routing\Pipeline.php:30
[04-Nov-2017 09:55:51 PRC] PHP  23. Illuminate\Routing\Router->dispatch() F:\phpStudy\WWW\MondayShop\vendor\laravel\framework\src\Illuminate\Foundation\Http\Kernel.php:176
[04-Nov-2017 09:55:51 PRC] PHP  24. Illuminate\Routing\Router->dispatchToRoute() F:\phpStudy\WWW\MondayShop\vendor\laravel\framework\src\Illuminate\Routing\Router.php:577
[04-Nov-2017 09:55:51 PRC] PHP  25. Illuminate\Routing\Router->runRoute() F:\phpStudy\WWW\MondayShop\vendor\laravel\framework\src\Illuminate\Routing\Router.php:588
[04-Nov-2017 09:55:51 PRC] PHP  26. Illuminate\Routing\Router->runRouteWithinStack() F:\phpStudy\WWW\MondayShop\vendor\laravel\framework\src\Illuminate\Routing\Router.php:622
[04-Nov-2017 09:55:51 PRC] PHP  27. Illuminate\Routing\Pipeline->then() F:\phpStudy\WWW\MondayShop\vendor\laravel\framework\src\Illuminate\Routing\Router.php:647
[04-Nov-2017 09:55:51 PRC] PHP  28. Illuminate\Routing\Pipeline->Illuminate\Routing\{closure}() F:\phpStudy\WWW\MondayShop\vendor\laravel\framework\src\Illuminate\Pipeline\Pipeline.php:102
[04-Nov-2017 09:55:51 PRC] PHP  29. Illuminate\Routing\Pipeline->Illuminate\Pipeline\{closure}() F:\phpStudy\WWW\MondayShop\vendor\laravel\framework\src\Illuminate\Routing\Pipeline.php:53
[04-Nov-2017 09:55:51 PRC] PHP  30. App\Http\Middleware\EncryptCookies->handle() F:\phpStudy\WWW\MondayShop\vendor\laravel\framework\src\Illuminate\Pipeline\Pipeline.php:149
[04-Nov-2017 09:55:51 PRC] PHP  31. Illuminate\Routing\Pipeline->Illuminate\Routing\{closure}() F:\phpStudy\WWW\MondayShop\vendor\laravel\framework\src\Illuminate\Cookie\Middleware\EncryptCookies.php:59
[04-Nov-2017 09:55:51 PRC] PHP  32. Illuminate\Routing\Pipeline->Illuminate\Pipeline\{closure}() F:\phpStudy\WWW\MondayShop\vendor\laravel\framework\src\Illuminate\Routing\Pipeline.php:53
[04-Nov-2017 09:55:51 PRC] PHP  33. Illuminate\Cookie\Middleware\AddQueuedCookiesToResponse->handle() F:\phpStudy\WWW\MondayShop\vendor\laravel\framework\src\Illuminate\Pipeline\Pipeline.php:149
[04-Nov-2017 09:55:51 PRC] PHP  34. Illuminate\Routing\Pipeline->Illuminate\Routing\{closure}() F:\phpStudy\WWW\MondayShop\vendor\laravel\framework\src\Illuminate\Cookie\Middleware\AddQueuedCookiesToResponse.php:37
[04-Nov-2017 09:55:51 PRC] PHP  35. Illuminate\Routing\Pipeline->Illuminate\Pipeline\{closure}() F:\phpStudy\WWW\MondayShop\vendor\laravel\framework\src\Illuminate\Routing\Pipeline.php:53
[04-Nov-2017 09:55:51 PRC] PHP  36. Illuminate\Session\Middleware\StartSession->handle() F:\phpStudy\WWW\MondayShop\vendor\laravel\framework\src\Illuminate\Pipeline\Pipeline.php:149
[04-Nov-2017 09:55:51 PRC] PHP  37. Illuminate\Routing\Pipeline->Illuminate\Routing\{closure}() F:\phpStudy\WWW\MondayShop\vendor\laravel\framework\src\Illuminate\Session\Middleware\StartSession.php:63
[04-Nov-2017 09:55:51 PRC] PHP  38. Illuminate\Routing\Pipeline->Illuminate\Pipeline\{closure}() F:\phpStudy\WWW\MondayShop\vendor\laravel\framework\src\Illuminate\Routing\Pipeline.php:53
[04-Nov-2017 09:55:51 PRC] PHP  39. Illuminate\View\Middleware\ShareErrorsFromSession->handle() F:\phpStudy\WWW\MondayShop\vendor\laravel\framework\src\Illuminate\Pipeline\Pipeline.php:149
[04-Nov-2017 09:55:51 PRC] PHP  40. Illuminate\Routing\Pipeline->Illuminate\Routing\{closure}() F:\phpStudy\WWW\MondayShop\vendor\laravel\framework\src\Illuminate\View\Middleware\ShareErrorsFromSession.php:49
[04-Nov-2017 09:55:51 PRC] PHP  41. Illuminate\Routing\Pipeline->Illuminate\Pipeline\{closure}() F:\phpStudy\WWW\MondayShop\vendor\laravel\framework\src\Illuminate\Routing\Pipeline.php:53
[04-Nov-2017 09:55:51 PRC] PHP  42. App\Http\Middleware\VerifyCsrfToken->handle() F:\phpStudy\WWW\MondayShop\vendor\laravel\framework\src\Illuminate\Pipeline\Pipeline.php:149
[04-Nov-2017 09:55:51 PRC] PHP  43. Illuminate\Routing\Pipeline->Illuminate\Routing\{closure}() F:\phpStudy\WWW\MondayShop\vendor\laravel\framework\src\Illuminate\Foundation\Http\Middleware\VerifyCsrfToken.php:67
[04-Nov-2017 09:55:51 PRC] PHP  44. Illuminate\Routing\Pipeline->Illuminate\Pipeline\{closure}() F:\phpStudy\WWW\MondayShop\vendor\laravel\framework\src\Illuminate\Routing\Pipeline.php:53
[04-Nov-2017 09:55:51 PRC] PHP  45. Illuminate\Routing\Middleware\SubstituteBindings->handle() F:\phpStudy\WWW\MondayShop\vendor\laravel\framework\src\Illuminate\Pipeline\Pipeline.php:149
[04-Nov-2017 09:55:51 PRC] PHP  46. Illuminate\Routing\Pipeline->Illuminate\Routing\{closure}() F:\phpStudy\WWW\MondayShop\vendor\laravel\framework\src\Illuminate\Routing\Middleware\SubstituteBindings.php:41
[04-Nov-2017 09:55:51 PRC] PHP  47. Illuminate\Routing\Pipeline->Illuminate\Pipeline\{closure}() F:\phpStudy\WWW\MondayShop\vendor\laravel\framework\src\Illuminate\Routing\Pipeline.php:53
[04-Nov-2017 09:55:51 PRC] PHP  48. App\Http\Middleware\AdminAuth->handle() F:\phpStudy\WWW\MondayShop\vendor\laravel\framework\src\Illuminate\Pipeline\Pipeline.php:149
[04-Nov-2017 09:55:51 PRC] PHP  49. Illuminate\Routing\Pipeline->Illuminate\Routing\{closure}() F:\phpStudy\WWW\MondayShop\app\Http\Middleware\AdminAuth.php:24
[04-Nov-2017 09:55:51 PRC] PHP  50. Illuminate\Routing\Router->Illuminate\Routing\{closure}() F:\phpStudy\WWW\MondayShop\vendor\laravel\framework\src\Illuminate\Routing\Pipeline.php:30
[04-Nov-2017 09:55:51 PRC] PHP  51. Illuminate\Routing\Router->prepareResponse() F:\phpStudy\WWW\MondayShop\vendor\laravel\framework\src\Illuminate\Routing\Router.php:645
[04-Nov-2017 09:55:51 PRC] PHP  52. Illuminate\Routing\Router::toResponse() F:\phpStudy\WWW\MondayShop\vendor\laravel\framework\src\Illuminate\Routing\Router.php:685
[04-Nov-2017 09:55:51 PRC] PHP  53. Illuminate\Http\Response->__construct() F:\phpStudy\WWW\MondayShop\vendor\laravel\framework\src\Illuminate\Routing\Router.php:711
[04-Nov-2017 09:55:51 PRC] PHP  54. Illuminate\Http\Response->setContent() F:\phpStudy\WWW\MondayShop\vendor\symfony\http-foundation\Response.php:199
[04-Nov-2017 09:55:51 PRC] PHP  55. Illuminate\View\View->render() F:\phpStudy\WWW\MondayShop\vendor\laravel\framework\src\Illuminate\Http\Response.php:42
[04-Nov-2017 09:55:51 PRC] PHP  56. Illuminate\View\View->renderContents() F:\phpStudy\WWW\MondayShop\vendor\laravel\framework\src\Illuminate\View\View.php:85
[04-Nov-2017 09:55:51 PRC] PHP  57. Illuminate\View\View->getContents() F:\phpStudy\WWW\MondayShop\vendor\laravel\framework\src\Illuminate\View\View.php:120
[04-Nov-2017 09:55:51 PRC] PHP  58. Illuminate\View\Engines\CompilerEngine->get() F:\phpStudy\WWW\MondayShop\vendor\laravel\framework\src\Illuminate\View\View.php:137
[04-Nov-2017 09:55:51 PRC] PHP  59. Illuminate\View\Engines\CompilerEngine->evaluatePath() F:\phpStudy\WWW\MondayShop\vendor\laravel\framework\src\Illuminate\View\Engines\CompilerEngine.php:59
[04-Nov-2017 09:56:17 PRC] PHP Fatal error:  Cannot use isset() on the result of an expression (you can use "null !== expression" instead) in F:\phpStudy\WWW\MondayShop\storage\framework\views\746c7b2d9415b320baad34d457979d84759143bd.php on line 50
[04-Nov-2017 09:56:17 PRC] PHP Stack trace:
[04-Nov-2017 09:56:17 PRC] PHP   1. {main}() F:\phpStudy\WWW\MondayShop\server.php:0
[04-Nov-2017 09:56:17 PRC] PHP   2. require_once() F:\phpStudy\WWW\MondayShop\server.php:23
[04-Nov-2017 09:56:17 PRC] PHP   3. App\Http\Kernel->handle() F:\phpStudy\WWW\MondayShop\public\index.php:55
[04-Nov-2017 09:56:17 PRC] PHP   4. App\Http\Kernel->sendRequestThroughRouter() F:\phpStudy\WWW\MondayShop\vendor\laravel\framework\src\Illuminate\Foundation\Http\Kernel.php:116
[04-Nov-2017 09:56:17 PRC] PHP   5. Illuminate\Routing\Pipeline->then() F:\phpStudy\WWW\MondayShop\vendor\laravel\framework\src\Illuminate\Foundation\Http\Kernel.php:151
[04-Nov-2017 09:56:17 PRC] PHP   6. Illuminate\Routing\Pipeline->Illuminate\Routing\{closure}() F:\phpStudy\WWW\MondayShop\vendor\laravel\framework\src\Illuminate\Pipeline\Pipeline.php:102
[04-Nov-2017 09:56:17 PRC] PHP   7. Illuminate\Routing\Pipeline->Illuminate\Pipeline\{closure}() F:\phpStudy\WWW\MondayShop\vendor\laravel\framework\src\Illuminate\Routing\Pipeline.php:53
[04-Nov-2017 09:56:17 PRC] PHP   8. Illuminate\Foundation\Http\Middleware\CheckForMaintenanceMode->handle() F:\phpStudy\WWW\MondayShop\vendor\laravel\framework\src\Illuminate\Pipeline\Pipeline.php:149
[04-Nov-2017 09:56:17 PRC] PHP   9. Illuminate\Routing\Pipeline->Illuminate\Routing\{closure}() F:\phpStudy\WWW\MondayShop\vendor\laravel\framework\src\Illuminate\Foundation\Http\Middleware\CheckForMaintenanceMode.php:46
[04-Nov-2017 09:56:17 PRC] PHP  10. Illuminate\Routing\Pipeline->Illuminate\Pipeline\{closure}() F:\phpStudy\WWW\MondayShop\vendor\laravel\framework\src\Illuminate\Routing\Pipeline.php:53
[04-Nov-2017 09:56:17 PRC] PHP  11. Illuminate\Foundation\Http\Middleware\ValidatePostSize->handle() F:\phpStudy\WWW\MondayShop\vendor\laravel\framework\src\Illuminate\Pipeline\Pipeline.php:149
[04-Nov-2017 09:56:17 PRC] PHP  12. Illuminate\Routing\Pipeline->Illuminate\Routing\{closure}() F:\phpStudy\WWW\MondayShop\vendor\laravel\framework\src\Illuminate\Foundation\Http\Middleware\ValidatePostSize.php:27
[04-Nov-2017 09:56:17 PRC] PHP  13. Illuminate\Routing\Pipeline->Illuminate\Pipeline\{closure}() F:\phpStudy\WWW\MondayShop\vendor\laravel\framework\src\Illuminate\Routing\Pipeline.php:53
[04-Nov-2017 09:56:17 PRC] PHP  14. App\Http\Middleware\TrimStrings->handle() F:\phpStudy\WWW\MondayShop\vendor\laravel\framework\src\Illuminate\Pipeline\Pipeline.php:149
[04-Nov-2017 09:56:17 PRC] PHP  15. Illuminate\Routing\Pipeline->Illuminate\Routing\{closure}() F:\phpStudy\WWW\MondayShop\vendor\laravel\framework\src\Illuminate\Foundation\Http\Middleware\TransformsRequest.php:30
[04-Nov-2017 09:56:17 PRC] PHP  16. Illuminate\Routing\Pipeline->Illuminate\Pipeline\{closure}() F:\phpStudy\WWW\MondayShop\vendor\laravel\framework\src\Illuminate\Routing\Pipeline.php:53
[04-Nov-2017 09:56:17 PRC] PHP  17. Illuminate\Foundation\Http\Middleware\ConvertEmptyStringsToNull->handle() F:\phpStudy\WWW\MondayShop\vendor\laravel\framework\src\Illuminate\Pipeline\Pipeline.php:149
[04-Nov-2017 09:56:17 PRC] PHP  18. Illuminate\Routing\Pipeline->Illuminate\Routing\{closure}() F:\phpStudy\WWW\MondayShop\vendor\laravel\framework\src\Illuminate\Foundation\Http\Middleware\TransformsRequest.php:30
[04-Nov-2017 09:56:17 PRC] PHP  19. Illuminate\Routing\Pipeline->Illuminate\Pipeline\{closure}() F:\phpStudy\WWW\MondayShop\vendor\laravel\framework\src\Illuminate\Routing\Pipeline.php:53
[04-Nov-2017 09:56:17 PRC] PHP  20. App\Http\Middleware\TrustProxies->handle() F:\phpStudy\WWW\MondayShop\vendor\laravel\framework\src\Illuminate\Pipeline\Pipeline.php:149
[04-Nov-2017 09:56:17 PRC] PHP  21. Illuminate\Routing\Pipeline->Illuminate\Routing\{closure}() F:\phpStudy\WWW\MondayShop\vendor\fideloper\proxy\src\TrustProxies.php:56
[04-Nov-2017 09:56:17 PRC] PHP  22. App\Http\Kernel->Illuminate\Foundation\Http\{closure}() F:\phpStudy\WWW\MondayShop\vendor\laravel\framework\src\Illuminate\Routing\Pipeline.php:30
[04-Nov-2017 09:56:17 PRC] PHP  23. Illuminate\Routing\Router->dispatch() F:\phpStudy\WWW\MondayShop\vendor\laravel\framework\src\Illuminate\Foundation\Http\Kernel.php:176
[04-Nov-2017 09:56:17 PRC] PHP  24. Illuminate\Routing\Router->dispatchToRoute() F:\phpStudy\WWW\MondayShop\vendor\laravel\framework\src\Illuminate\Routing\Router.php:577
[04-Nov-2017 09:56:17 PRC] PHP  25. Illuminate\Routing\Router->runRoute() F:\phpStudy\WWW\MondayShop\vendor\laravel\framework\src\Illuminate\Routing\Router.php:588
[04-Nov-2017 09:56:17 PRC] PHP  26. Illuminate\Routing\Router->runRouteWithinStack() F:\phpStudy\WWW\MondayShop\vendor\laravel\framework\src\Illuminate\Routing\Router.php:622
[04-Nov-2017 09:56:17 PRC] PHP  27. Illuminate\Routing\Pipeline->then() F:\phpStudy\WWW\MondayShop\vendor\laravel\framework\src\Illuminate\Routing\Router.php:647
[04-Nov-2017 09:56:17 PRC] PHP  28. Illuminate\Routing\Pipeline->Illuminate\Routing\{closure}() F:\phpStudy\WWW\MondayShop\vendor\laravel\framework\src\Illuminate\Pipeline\Pipeline.php:102
[04-Nov-2017 09:56:17 PRC] PHP  29. Illuminate\Routing\Pipeline->Illuminate\Pipeline\{closure}() F:\phpStudy\WWW\MondayShop\vendor\laravel\framework\src\Illuminate\Routing\Pipeline.php:53
[04-Nov-2017 09:56:17 PRC] PHP  30. App\Http\Middleware\EncryptCookies->handle() F:\phpStudy\WWW\MondayShop\vendor\laravel\framework\src\Illuminate\Pipeline\Pipeline.php:149
[04-Nov-2017 09:56:17 PRC] PHP  31. Illuminate\Routing\Pipeline->Illuminate\Routing\{closure}() F:\phpStudy\WWW\MondayShop\vendor\laravel\framework\src\Illuminate\Cookie\Middleware\EncryptCookies.php:59
[04-Nov-2017 09:56:17 PRC] PHP  32. Illuminate\Routing\Pipeline->Illuminate\Pipeline\{closure}() F:\phpStudy\WWW\MondayShop\vendor\laravel\framework\src\Illuminate\Routing\Pipeline.php:53
[04-Nov-2017 09:56:17 PRC] PHP  33. Illuminate\Cookie\Middleware\AddQueuedCookiesToResponse->handle() F:\phpStudy\WWW\MondayShop\vendor\laravel\framework\src\Illuminate\Pipeline\Pipeline.php:149
[04-Nov-2017 09:56:17 PRC] PHP  34. Illuminate\Routing\Pipeline->Illuminate\Routing\{closure}() F:\phpStudy\WWW\MondayShop\vendor\laravel\framework\src\Illuminate\Cookie\Middleware\AddQueuedCookiesToResponse.php:37
[04-Nov-2017 09:56:17 PRC] PHP  35. Illuminate\Routing\Pipeline->Illuminate\Pipeline\{closure}() F:\phpStudy\WWW\MondayShop\vendor\laravel\framework\src\Illuminate\Routing\Pipeline.php:53
[04-Nov-2017 09:56:17 PRC] PHP  36. Illuminate\Session\Middleware\StartSession->handle() F:\phpStudy\WWW\MondayShop\vendor\laravel\framework\src\Illuminate\Pipeline\Pipeline.php:149
[04-Nov-2017 09:56:17 PRC] PHP  37. Illuminate\Routing\Pipeline->Illuminate\Routing\{closure}() F:\phpStudy\WWW\MondayShop\vendor\laravel\framework\src\Illuminate\Session\Middleware\StartSession.php:63
[04-Nov-2017 09:56:17 PRC] PHP  38. Illuminate\Routing\Pipeline->Illuminate\Pipeline\{closure}() F:\phpStudy\WWW\MondayShop\vendor\laravel\framework\src\Illuminate\Routing\Pipeline.php:53
[04-Nov-2017 09:56:17 PRC] PHP  39. Illuminate\View\Middleware\ShareErrorsFromSession->handle() F:\phpStudy\WWW\MondayShop\vendor\laravel\framework\src\Illuminate\Pipeline\Pipeline.php:149
[04-Nov-2017 09:56:17 PRC] PHP  40. Illuminate\Routing\Pipeline->Illuminate\Routing\{closure}() F:\phpStudy\WWW\MondayShop\vendor\laravel\framework\src\Illuminate\View\Middleware\ShareErrorsFromSession.php:49
[04-Nov-2017 09:56:17 PRC] PHP  41. Illuminate\Routing\Pipeline->Illuminate\Pipeline\{closure}() F:\phpStudy\WWW\MondayShop\vendor\laravel\framework\src\Illuminate\Routing\Pipeline.php:53
[04-Nov-2017 09:56:17 PRC] PHP  42. App\Http\Middleware\VerifyCsrfToken->handle() F:\phpStudy\WWW\MondayShop\vendor\laravel\framework\src\Illuminate\Pipeline\Pipeline.php:149
[04-Nov-2017 09:56:17 PRC] PHP  43. Illuminate\Routing\Pipeline->Illuminate\Routing\{closure}() F:\phpStudy\WWW\MondayShop\vendor\laravel\framework\src\Illuminate\Foundation\Http\Middleware\VerifyCsrfToken.php:67
[04-Nov-2017 09:56:17 PRC] PHP  44. Illuminate\Routing\Pipeline->Illuminate\Pipeline\{closure}() F:\phpStudy\WWW\MondayShop\vendor\laravel\framework\src\Illuminate\Routing\Pipeline.php:53
[04-Nov-2017 09:56:17 PRC] PHP  45. Illuminate\Routing\Middleware\SubstituteBindings->handle() F:\phpStudy\WWW\MondayShop\vendor\laravel\framework\src\Illuminate\Pipeline\Pipeline.php:149
[04-Nov-2017 09:56:17 PRC] PHP  46. Illuminate\Routing\Pipeline->Illuminate\Routing\{closure}() F:\phpStudy\WWW\MondayShop\vendor\laravel\framework\src\Illuminate\Routing\Middleware\SubstituteBindings.php:41
[04-Nov-2017 09:56:17 PRC] PHP  47. Illuminate\Routing\Pipeline->Illuminate\Pipeline\{closure}() F:\phpStudy\WWW\MondayShop\vendor\laravel\framework\src\Illuminate\Routing\Pipeline.php:53
[04-Nov-2017 09:56:17 PRC] PHP  48. App\Http\Middleware\AdminAuth->handle() F:\phpStudy\WWW\MondayShop\vendor\laravel\framework\src\Illuminate\Pipeline\Pipeline.php:149
[04-Nov-2017 09:56:17 PRC] PHP  49. Illuminate\Routing\Pipeline->Illuminate\Routing\{closure}() F:\phpStudy\WWW\MondayShop\app\Http\Middleware\AdminAuth.php:24
[04-Nov-2017 09:56:17 PRC] PHP  50. Illuminate\Routing\Router->Illuminate\Routing\{closure}() F:\phpStudy\WWW\MondayShop\vendor\laravel\framework\src\Illuminate\Routing\Pipeline.php:30
[04-Nov-2017 09:56:17 PRC] PHP  51. Illuminate\Routing\Router->prepareResponse() F:\phpStudy\WWW\MondayShop\vendor\laravel\framework\src\Illuminate\Routing\Router.php:645
[04-Nov-2017 09:56:17 PRC] PHP  52. Illuminate\Routing\Router::toResponse() F:\phpStudy\WWW\MondayShop\vendor\laravel\framework\src\Illuminate\Routing\Router.php:685
[04-Nov-2017 09:56:17 PRC] PHP  53. Illuminate\Http\Response->__construct() F:\phpStudy\WWW\MondayShop\vendor\laravel\framework\src\Illuminate\Routing\Router.php:711
[04-Nov-2017 09:56:17 PRC] PHP  54. Illuminate\Http\Response->setContent() F:\phpStudy\WWW\MondayShop\vendor\symfony\http-foundation\Response.php:199
[04-Nov-2017 09:56:17 PRC] PHP  55. Illuminate\View\View->render() F:\phpStudy\WWW\MondayShop\vendor\laravel\framework\src\Illuminate\Http\Response.php:42
[04-Nov-2017 09:56:17 PRC] PHP  56. Illuminate\View\View->renderContents() F:\phpStudy\WWW\MondayShop\vendor\laravel\framework\src\Illuminate\View\View.php:85
[04-Nov-2017 09:56:17 PRC] PHP  57. Illuminate\View\View->getContents() F:\phpStudy\WWW\MondayShop\vendor\laravel\framework\src\Illuminate\View\View.php:120
[04-Nov-2017 09:56:17 PRC] PHP  58. Illuminate\View\Engines\CompilerEngine->get() F:\phpStudy\WWW\MondayShop\vendor\laravel\framework\src\Illuminate\View\View.php:137
[04-Nov-2017 09:56:17 PRC] PHP  59. Illuminate\View\Engines\CompilerEngine->evaluatePath() F:\phpStudy\WWW\MondayShop\vendor\laravel\framework\src\Illuminate\View\Engines\CompilerEngine.php:59
[04-Nov-2017 09:56:44 PRC] PHP Fatal error:  Cannot use isset() on the result of an expression (you can use "null !== expression" instead) in F:\phpStudy\WWW\MondayShop\storage\framework\views\746c7b2d9415b320baad34d457979d84759143bd.php on line 50
[04-Nov-2017 09:56:44 PRC] PHP Stack trace:
[04-Nov-2017 09:56:44 PRC] PHP   1. {main}() F:\phpStudy\WWW\MondayShop\server.php:0
[04-Nov-2017 09:56:44 PRC] PHP   2. require_once() F:\phpStudy\WWW\MondayShop\server.php:23
[04-Nov-2017 09:56:44 PRC] PHP   3. App\Http\Kernel->handle() F:\phpStudy\WWW\MondayShop\public\index.php:55
[04-Nov-2017 09:56:44 PRC] PHP   4. App\Http\Kernel->sendRequestThroughRouter() F:\phpStudy\WWW\MondayShop\vendor\laravel\framework\src\Illuminate\Foundation\Http\Kernel.php:116
[04-Nov-2017 09:56:44 PRC] PHP   5. Illuminate\Routing\Pipeline->then() F:\phpStudy\WWW\MondayShop\vendor\laravel\framework\src\Illuminate\Foundation\Http\Kernel.php:151
[04-Nov-2017 09:56:44 PRC] PHP   6. Illuminate\Routing\Pipeline->Illuminate\Routing\{closure}() F:\phpStudy\WWW\MondayShop\vendor\laravel\framework\src\Illuminate\Pipeline\Pipeline.php:102
[04-Nov-2017 09:56:44 PRC] PHP   7. Illuminate\Routing\Pipeline->Illuminate\Pipeline\{closure}() F:\phpStudy\WWW\MondayShop\vendor\laravel\framework\src\Illuminate\Routing\Pipeline.php:53
[04-Nov-2017 09:56:44 PRC] PHP   8. Illuminate\Foundation\Http\Middleware\CheckForMaintenanceMode->handle() F:\phpStudy\WWW\MondayShop\vendor\laravel\framework\src\Illuminate\Pipeline\Pipeline.php:149
[04-Nov-2017 09:56:44 PRC] PHP   9. Illuminate\Routing\Pipeline->Illuminate\Routing\{closure}() F:\phpStudy\WWW\MondayShop\vendor\laravel\framework\src\Illuminate\Foundation\Http\Middleware\CheckForMaintenanceMode.php:46
[04-Nov-2017 09:56:44 PRC] PHP  10. Illuminate\Routing\Pipeline->Illuminate\Pipeline\{closure}() F:\phpStudy\WWW\MondayShop\vendor\laravel\framework\src\Illuminate\Routing\Pipeline.php:53
[04-Nov-2017 09:56:44 PRC] PHP  11. Illuminate\Foundation\Http\Middleware\ValidatePostSize->handle() F:\phpStudy\WWW\MondayShop\vendor\laravel\framework\src\Illuminate\Pipeline\Pipeline.php:149
[04-Nov-2017 09:56:44 PRC] PHP  12. Illuminate\Routing\Pipeline->Illuminate\Routing\{closure}() F:\phpStudy\WWW\MondayShop\vendor\laravel\framework\src\Illuminate\Foundation\Http\Middleware\ValidatePostSize.php:27
[04-Nov-2017 09:56:44 PRC] PHP  13. Illuminate\Routing\Pipeline->Illuminate\Pipeline\{closure}() F:\phpStudy\WWW\MondayShop\vendor\laravel\framework\src\Illuminate\Routing\Pipeline.php:53
[04-Nov-2017 09:56:44 PRC] PHP  14. App\Http\Middleware\TrimStrings->handle() F:\phpStudy\WWW\MondayShop\vendor\laravel\framework\src\Illuminate\Pipeline\Pipeline.php:149
[04-Nov-2017 09:56:44 PRC] PHP  15. Illuminate\Routing\Pipeline->Illuminate\Routing\{closure}() F:\phpStudy\WWW\MondayShop\vendor\laravel\framework\src\Illuminate\Foundation\Http\Middleware\TransformsRequest.php:30
[04-Nov-2017 09:56:44 PRC] PHP  16. Illuminate\Routing\Pipeline->Illuminate\Pipeline\{closure}() F:\phpStudy\WWW\MondayShop\vendor\laravel\framework\src\Illuminate\Routing\Pipeline.php:53
[04-Nov-2017 09:56:44 PRC] PHP  17. Illuminate\Foundation\Http\Middleware\ConvertEmptyStringsToNull->handle() F:\phpStudy\WWW\MondayShop\vendor\laravel\framework\src\Illuminate\Pipeline\Pipeline.php:149
[04-Nov-2017 09:56:44 PRC] PHP  18. Illuminate\Routing\Pipeline->Illuminate\Routing\{closure}() F:\phpStudy\WWW\MondayShop\vendor\laravel\framework\src\Illuminate\Foundation\Http\Middleware\TransformsRequest.php:30
[04-Nov-2017 09:56:44 PRC] PHP  19. Illuminate\Routing\Pipeline->Illuminate\Pipeline\{closure}() F:\phpStudy\WWW\MondayShop\vendor\laravel\framework\src\Illuminate\Routing\Pipeline.php:53
[04-Nov-2017 09:56:44 PRC] PHP  20. App\Http\Middleware\TrustProxies->handle() F:\phpStudy\WWW\MondayShop\vendor\laravel\framework\src\Illuminate\Pipeline\Pipeline.php:149
[04-Nov-2017 09:56:44 PRC] PHP  21. Illuminate\Routing\Pipeline->Illuminate\Routing\{closure}() F:\phpStudy\WWW\MondayShop\vendor\fideloper\proxy\src\TrustProxies.php:56
[04-Nov-2017 09:56:44 PRC] PHP  22. App\Http\Kernel->Illuminate\Foundation\Http\{closure}() F:\phpStudy\WWW\MondayShop\vendor\laravel\framework\src\Illuminate\Routing\Pipeline.php:30
[04-Nov-2017 09:56:44 PRC] PHP  23. Illuminate\Routing\Router->dispatch() F:\phpStudy\WWW\MondayShop\vendor\laravel\framework\src\Illuminate\Foundation\Http\Kernel.php:176
[04-Nov-2017 09:56:44 PRC] PHP  24. Illuminate\Routing\Router->dispatchToRoute() F:\phpStudy\WWW\MondayShop\vendor\laravel\framework\src\Illuminate\Routing\Router.php:577
[04-Nov-2017 09:56:44 PRC] PHP  25. Illuminate\Routing\Router->runRoute() F:\phpStudy\WWW\MondayShop\vendor\laravel\framework\src\Illuminate\Routing\Router.php:588
[04-Nov-2017 09:56:44 PRC] PHP  26. Illuminate\Routing\Router->runRouteWithinStack() F:\phpStudy\WWW\MondayShop\vendor\laravel\framework\src\Illuminate\Routing\Router.php:622
[04-Nov-2017 09:56:44 PRC] PHP  27. Illuminate\Routing\Pipeline->then() F:\phpStudy\WWW\MondayShop\vendor\laravel\framework\src\Illuminate\Routing\Router.php:647
[04-Nov-2017 09:56:44 PRC] PHP  28. Illuminate\Routing\Pipeline->Illuminate\Routing\{closure}() F:\phpStudy\WWW\MondayShop\vendor\laravel\framework\src\Illuminate\Pipeline\Pipeline.php:102
[04-Nov-2017 09:56:44 PRC] PHP  29. Illuminate\Routing\Pipeline->Illuminate\Pipeline\{closure}() F:\phpStudy\WWW\MondayShop\vendor\laravel\framework\src\Illuminate\Routing\Pipeline.php:53
[04-Nov-2017 09:56:44 PRC] PHP  30. App\Http\Middleware\EncryptCookies->handle() F:\phpStudy\WWW\MondayShop\vendor\laravel\framework\src\Illuminate\Pipeline\Pipeline.php:149
[04-Nov-2017 09:56:44 PRC] PHP  31. Illuminate\Routing\Pipeline->Illuminate\Routing\{closure}() F:\phpStudy\WWW\MondayShop\vendor\laravel\framework\src\Illuminate\Cookie\Middleware\EncryptCookies.php:59
[04-Nov-2017 09:56:44 PRC] PHP  32. Illuminate\Routing\Pipeline->Illuminate\Pipeline\{closure}() F:\phpStudy\WWW\MondayShop\vendor\laravel\framework\src\Illuminate\Routing\Pipeline.php:53
[04-Nov-2017 09:56:44 PRC] PHP  33. Illuminate\Cookie\Middleware\AddQueuedCookiesToResponse->handle() F:\phpStudy\WWW\MondayShop\vendor\laravel\framework\src\Illuminate\Pipeline\Pipeline.php:149
[04-Nov-2017 09:56:44 PRC] PHP  34. Illuminate\Routing\Pipeline->Illuminate\Routing\{closure}() F:\phpStudy\WWW\MondayShop\vendor\laravel\framework\src\Illuminate\Cookie\Middleware\AddQueuedCookiesToResponse.php:37
[04-Nov-2017 09:56:44 PRC] PHP  35. Illuminate\Routing\Pipeline->Illuminate\Pipeline\{closure}() F:\phpStudy\WWW\MondayShop\vendor\laravel\framework\src\Illuminate\Routing\Pipeline.php:53
[04-Nov-2017 09:56:44 PRC] PHP  36. Illuminate\Session\Middleware\StartSession->handle() F:\phpStudy\WWW\MondayShop\vendor\laravel\framework\src\Illuminate\Pipeline\Pipeline.php:149
[04-Nov-2017 09:56:44 PRC] PHP  37. Illuminate\Routing\Pipeline->Illuminate\Routing\{closure}() F:\phpStudy\WWW\MondayShop\vendor\laravel\framework\src\Illuminate\Session\Middleware\StartSession.php:63
[04-Nov-2017 09:56:44 PRC] PHP  38. Illuminate\Routing\Pipeline->Illuminate\Pipeline\{closure}() F:\phpStudy\WWW\MondayShop\vendor\laravel\framework\src\Illuminate\Routing\Pipeline.php:53
[04-Nov-2017 09:56:44 PRC] PHP  39. Illuminate\View\Middleware\ShareErrorsFromSession->handle() F:\phpStudy\WWW\MondayShop\vendor\laravel\framework\src\Illuminate\Pipeline\Pipeline.php:149
[04-Nov-2017 09:56:44 PRC] PHP  40. Illuminate\Routing\Pipeline->Illuminate\Routing\{closure}() F:\phpStudy\WWW\MondayShop\vendor\laravel\framework\src\Illuminate\View\Middleware\ShareErrorsFromSession.php:49
[04-Nov-2017 09:56:44 PRC] PHP  41. Illuminate\Routing\Pipeline->Illuminate\Pipeline\{closure}() F:\phpStudy\WWW\MondayShop\vendor\laravel\framework\src\Illuminate\Routing\Pipeline.php:53
[04-Nov-2017 09:56:44 PRC] PHP  42. App\Http\Middleware\VerifyCsrfToken->handle() F:\phpStudy\WWW\MondayShop\vendor\laravel\framework\src\Illuminate\Pipeline\Pipeline.php:149
[04-Nov-2017 09:56:44 PRC] PHP  43. Illuminate\Routing\Pipeline->Illuminate\Routing\{closure}() F:\phpStudy\WWW\MondayShop\vendor\laravel\framework\src\Illuminate\Foundation\Http\Middleware\VerifyCsrfToken.php:67
[04-Nov-2017 09:56:44 PRC] PHP  44. Illuminate\Routing\Pipeline->Illuminate\Pipeline\{closure}() F:\phpStudy\WWW\MondayShop\vendor\laravel\framework\src\Illuminate\Routing\Pipeline.php:53
[04-Nov-2017 09:56:44 PRC] PHP  45. Illuminate\Routing\Middleware\SubstituteBindings->handle() F:\phpStudy\WWW\MondayShop\vendor\laravel\framework\src\Illuminate\Pipeline\Pipeline.php:149
[04-Nov-2017 09:56:44 PRC] PHP  46. Illuminate\Routing\Pipeline->Illuminate\Routing\{closure}() F:\phpStudy\WWW\MondayShop\vendor\laravel\framework\src\Illuminate\Routing\Middleware\SubstituteBindings.php:41
[04-Nov-2017 09:56:44 PRC] PHP  47. Illuminate\Routing\Pipeline->Illuminate\Pipeline\{closure}() F:\phpStudy\WWW\MondayShop\vendor\laravel\framework\src\Illuminate\Routing\Pipeline.php:53
[04-Nov-2017 09:56:44 PRC] PHP  48. App\Http\Middleware\AdminAuth->handle() F:\phpStudy\WWW\MondayShop\vendor\laravel\framework\src\Illuminate\Pipeline\Pipeline.php:149
[04-Nov-2017 09:56:44 PRC] PHP  49. Illuminate\Routing\Pipeline->Illuminate\Routing\{closure}() F:\phpStudy\WWW\MondayShop\app\Http\Middleware\AdminAuth.php:24
[04-Nov-2017 09:56:44 PRC] PHP  50. Illuminate\Routing\Router->Illuminate\Routing\{closure}() F:\phpStudy\WWW\MondayShop\vendor\laravel\framework\src\Illuminate\Routing\Pipeline.php:30
[04-Nov-2017 09:56:44 PRC] PHP  51. Illuminate\Routing\Router->prepareResponse() F:\phpStudy\WWW\MondayShop\vendor\laravel\framework\src\Illuminate\Routing\Router.php:645
[04-Nov-2017 09:56:44 PRC] PHP  52. Illuminate\Routing\Router::toResponse() F:\phpStudy\WWW\MondayShop\vendor\laravel\framework\src\Illuminate\Routing\Router.php:685
[04-Nov-2017 09:56:44 PRC] PHP  53. Illuminate\Http\Response->__construct() F:\phpStudy\WWW\MondayShop\vendor\laravel\framework\src\Illuminate\Routing\Router.php:711
[04-Nov-2017 09:56:44 PRC] PHP  54. Illuminate\Http\Response->setContent() F:\phpStudy\WWW\MondayShop\vendor\symfony\http-foundation\Response.php:199
[04-Nov-2017 09:56:44 PRC] PHP  55. Illuminate\View\View->render() F:\phpStudy\WWW\MondayShop\vendor\laravel\framework\src\Illuminate\Http\Response.php:42
[04-Nov-2017 09:56:44 PRC] PHP  56. Illuminate\View\View->renderContents() F:\phpStudy\WWW\MondayShop\vendor\laravel\framework\src\Illuminate\View\View.php:85
[04-Nov-2017 09:56:44 PRC] PHP  57. Illuminate\View\View->getContents() F:\phpStudy\WWW\MondayShop\vendor\laravel\framework\src\Illuminate\View\View.php:120
[04-Nov-2017 09:56:44 PRC] PHP  58. Illuminate\View\Engines\CompilerEngine->get() F:\phpStudy\WWW\MondayShop\vendor\laravel\framework\src\Illuminate\View\View.php:137
[04-Nov-2017 09:56:44 PRC] PHP  59. Illuminate\View\Engines\CompilerEngine->evaluatePath() F:\phpStudy\WWW\MondayShop\vendor\laravel\framework\src\Illuminate\View\Engines\CompilerEngine.php:59
[04-Nov-2017 09:57:15 PRC] PHP Fatal error:  Cannot use isset() on the result of an expression (you can use "null !== expression" instead) in F:\phpStudy\WWW\MondayShop\storage\framework\views\746c7b2d9415b320baad34d457979d84759143bd.php on line 50
[04-Nov-2017 09:57:15 PRC] PHP Stack trace:
[04-Nov-2017 09:57:15 PRC] PHP   1. {main}() F:\phpStudy\WWW\MondayShop\server.php:0
[04-Nov-2017 09:57:15 PRC] PHP   2. require_once() F:\phpStudy\WWW\MondayShop\server.php:23
[04-Nov-2017 09:57:15 PRC] PHP   3. App\Http\Kernel->handle() F:\phpStudy\WWW\MondayShop\public\index.php:55
[04-Nov-2017 09:57:15 PRC] PHP   4. App\Http\Kernel->sendRequestThroughRouter() F:\phpStudy\WWW\MondayShop\vendor\laravel\framework\src\Illuminate\Foundation\Http\Kernel.php:116
[04-Nov-2017 09:57:15 PRC] PHP   5. Illuminate\Routing\Pipeline->then() F:\phpStudy\WWW\MondayShop\vendor\laravel\framework\src\Illuminate\Foundation\Http\Kernel.php:151
[04-Nov-2017 09:57:15 PRC] PHP   6. Illuminate\Routing\Pipeline->Illuminate\Routing\{closure}() F:\phpStudy\WWW\MondayShop\vendor\laravel\framework\src\Illuminate\Pipeline\Pipeline.php:102
[04-Nov-2017 09:57:15 PRC] PHP   7. Illuminate\Routing\Pipeline->Illuminate\Pipeline\{closure}() F:\phpStudy\WWW\MondayShop\vendor\laravel\framework\src\Illuminate\Routing\Pipeline.php:53
[04-Nov-2017 09:57:15 PRC] PHP   8. Illuminate\Foundation\Http\Middleware\CheckForMaintenanceMode->handle() F:\phpStudy\WWW\MondayShop\vendor\laravel\framework\src\Illuminate\Pipeline\Pipeline.php:149
[04-Nov-2017 09:57:15 PRC] PHP   9. Illuminate\Routing\Pipeline->Illuminate\Routing\{closure}() F:\phpStudy\WWW\MondayShop\vendor\laravel\framework\src\Illuminate\Foundation\Http\Middleware\CheckForMaintenanceMode.php:46
[04-Nov-2017 09:57:15 PRC] PHP  10. Illuminate\Routing\Pipeline->Illuminate\Pipeline\{closure}() F:\phpStudy\WWW\MondayShop\vendor\laravel\framework\src\Illuminate\Routing\Pipeline.php:53
[04-Nov-2017 09:57:15 PRC] PHP  11. Illuminate\Foundation\Http\Middleware\ValidatePostSize->handle() F:\phpStudy\WWW\MondayShop\vendor\laravel\framework\src\Illuminate\Pipeline\Pipeline.php:149
[04-Nov-2017 09:57:15 PRC] PHP  12. Illuminate\Routing\Pipeline->Illuminate\Routing\{closure}() F:\phpStudy\WWW\MondayShop\vendor\laravel\framework\src\Illuminate\Foundation\Http\Middleware\ValidatePostSize.php:27
[04-Nov-2017 09:57:15 PRC] PHP  13. Illuminate\Routing\Pipeline->Illuminate\Pipeline\{closure}() F:\phpStudy\WWW\MondayShop\vendor\laravel\framework\src\Illuminate\Routing\Pipeline.php:53
[04-Nov-2017 09:57:15 PRC] PHP  14. App\Http\Middleware\TrimStrings->handle() F:\phpStudy\WWW\MondayShop\vendor\laravel\framework\src\Illuminate\Pipeline\Pipeline.php:149
[04-Nov-2017 09:57:15 PRC] PHP  15. Illuminate\Routing\Pipeline->Illuminate\Routing\{closure}() F:\phpStudy\WWW\MondayShop\vendor\laravel\framework\src\Illuminate\Foundation\Http\Middleware\TransformsRequest.php:30
[04-Nov-2017 09:57:15 PRC] PHP  16. Illuminate\Routing\Pipeline->Illuminate\Pipeline\{closure}() F:\phpStudy\WWW\MondayShop\vendor\laravel\framework\src\Illuminate\Routing\Pipeline.php:53
[04-Nov-2017 09:57:15 PRC] PHP  17. Illuminate\Foundation\Http\Middleware\ConvertEmptyStringsToNull->handle() F:\phpStudy\WWW\MondayShop\vendor\laravel\framework\src\Illuminate\Pipeline\Pipeline.php:149
[04-Nov-2017 09:57:15 PRC] PHP  18. Illuminate\Routing\Pipeline->Illuminate\Routing\{closure}() F:\phpStudy\WWW\MondayShop\vendor\laravel\framework\src\Illuminate\Foundation\Http\Middleware\TransformsRequest.php:30
[04-Nov-2017 09:57:15 PRC] PHP  19. Illuminate\Routing\Pipeline->Illuminate\Pipeline\{closure}() F:\phpStudy\WWW\MondayShop\vendor\laravel\framework\src\Illuminate\Routing\Pipeline.php:53
[04-Nov-2017 09:57:15 PRC] PHP  20. App\Http\Middleware\TrustProxies->handle() F:\phpStudy\WWW\MondayShop\vendor\laravel\framework\src\Illuminate\Pipeline\Pipeline.php:149
[04-Nov-2017 09:57:15 PRC] PHP  21. Illuminate\Routing\Pipeline->Illuminate\Routing\{closure}() F:\phpStudy\WWW\MondayShop\vendor\fideloper\proxy\src\TrustProxies.php:56
[04-Nov-2017 09:57:15 PRC] PHP  22. App\Http\Kernel->Illuminate\Foundation\Http\{closure}() F:\phpStudy\WWW\MondayShop\vendor\laravel\framework\src\Illuminate\Routing\Pipeline.php:30
[04-Nov-2017 09:57:15 PRC] PHP  23. Illuminate\Routing\Router->dispatch() F:\phpStudy\WWW\MondayShop\vendor\laravel\framework\src\Illuminate\Foundation\Http\Kernel.php:176
[04-Nov-2017 09:57:15 PRC] PHP  24. Illuminate\Routing\Router->dispatchToRoute() F:\phpStudy\WWW\MondayShop\vendor\laravel\framework\src\Illuminate\Routing\Router.php:577
[04-Nov-2017 09:57:15 PRC] PHP  25. Illuminate\Routing\Router->runRoute() F:\phpStudy\WWW\MondayShop\vendor\laravel\framework\src\Illuminate\Routing\Router.php:588
[04-Nov-2017 09:57:15 PRC] PHP  26. Illuminate\Routing\Router->runRouteWithinStack() F:\phpStudy\WWW\MondayShop\vendor\laravel\framework\src\Illuminate\Routing\Router.php:622
[04-Nov-2017 09:57:15 PRC] PHP  27. Illuminate\Routing\Pipeline->then() F:\phpStudy\WWW\MondayShop\vendor\laravel\framework\src\Illuminate\Routing\Router.php:647
[04-Nov-2017 09:57:15 PRC] PHP  28. Illuminate\Routing\Pipeline->Illuminate\Routing\{closure}() F:\phpStudy\WWW\MondayShop\vendor\laravel\framework\src\Illuminate\Pipeline\Pipeline.php:102
[04-Nov-2017 09:57:15 PRC] PHP  29. Illuminate\Routing\Pipeline->Illuminate\Pipeline\{closure}() F:\phpStudy\WWW\MondayShop\vendor\laravel\framework\src\Illuminate\Routing\Pipeline.php:53
[04-Nov-2017 09:57:15 PRC] PHP  30. App\Http\Middleware\EncryptCookies->handle() F:\phpStudy\WWW\MondayShop\vendor\laravel\framework\src\Illuminate\Pipeline\Pipeline.php:149
[04-Nov-2017 09:57:15 PRC] PHP  31. Illuminate\Routing\Pipeline->Illuminate\Routing\{closure}() F:\phpStudy\WWW\MondayShop\vendor\laravel\framework\src\Illuminate\Cookie\Middleware\EncryptCookies.php:59
[04-Nov-2017 09:57:15 PRC] PHP  32. Illuminate\Routing\Pipeline->Illuminate\Pipeline\{closure}() F:\phpStudy\WWW\MondayShop\vendor\laravel\framework\src\Illuminate\Routing\Pipeline.php:53
[04-Nov-2017 09:57:15 PRC] PHP  33. Illuminate\Cookie\Middleware\AddQueuedCookiesToResponse->handle() F:\phpStudy\WWW\MondayShop\vendor\laravel\framework\src\Illuminate\Pipeline\Pipeline.php:149
[04-Nov-2017 09:57:15 PRC] PHP  34. Illuminate\Routing\Pipeline->Illuminate\Routing\{closure}() F:\phpStudy\WWW\MondayShop\vendor\laravel\framework\src\Illuminate\Cookie\Middleware\AddQueuedCookiesToResponse.php:37
[04-Nov-2017 09:57:15 PRC] PHP  35. Illuminate\Routing\Pipeline->Illuminate\Pipeline\{closure}() F:\phpStudy\WWW\MondayShop\vendor\laravel\framework\src\Illuminate\Routing\Pipeline.php:53
[04-Nov-2017 09:57:15 PRC] PHP  36. Illuminate\Session\Middleware\StartSession->handle() F:\phpStudy\WWW\MondayShop\vendor\laravel\framework\src\Illuminate\Pipeline\Pipeline.php:149
[04-Nov-2017 09:57:15 PRC] PHP  37. Illuminate\Routing\Pipeline->Illuminate\Routing\{closure}() F:\phpStudy\WWW\MondayShop\vendor\laravel\framework\src\Illuminate\Session\Middleware\StartSession.php:63
[04-Nov-2017 09:57:15 PRC] PHP  38. Illuminate\Routing\Pipeline->Illuminate\Pipeline\{closure}() F:\phpStudy\WWW\MondayShop\vendor\laravel\framework\src\Illuminate\Routing\Pipeline.php:53
[04-Nov-2017 09:57:15 PRC] PHP  39. Illuminate\View\Middleware\ShareErrorsFromSession->handle() F:\phpStudy\WWW\MondayShop\vendor\laravel\framework\src\Illuminate\Pipeline\Pipeline.php:149
[04-Nov-2017 09:57:15 PRC] PHP  40. Illuminate\Routing\Pipeline->Illuminate\Routing\{closure}() F:\phpStudy\WWW\MondayShop\vendor\laravel\framework\src\Illuminate\View\Middleware\ShareErrorsFromSession.php:49
[04-Nov-2017 09:57:15 PRC] PHP  41. Illuminate\Routing\Pipeline->Illuminate\Pipeline\{closure}() F:\phpStudy\WWW\MondayShop\vendor\laravel\framework\src\Illuminate\Routing\Pipeline.php:53
[04-Nov-2017 09:57:15 PRC] PHP  42. App\Http\Middleware\VerifyCsrfToken->handle() F:\phpStudy\WWW\MondayShop\vendor\laravel\framework\src\Illuminate\Pipeline\Pipeline.php:149
[04-Nov-2017 09:57:15 PRC] PHP  43. Illuminate\Routing\Pipeline->Illuminate\Routing\{closure}() F:\phpStudy\WWW\MondayShop\vendor\laravel\framework\src\Illuminate\Foundation\Http\Middleware\VerifyCsrfToken.php:67
[04-Nov-2017 09:57:15 PRC] PHP  44. Illuminate\Routing\Pipeline->Illuminate\Pipeline\{closure}() F:\phpStudy\WWW\MondayShop\vendor\laravel\framework\src\Illuminate\Routing\Pipeline.php:53
[04-Nov-2017 09:57:15 PRC] PHP  45. Illuminate\Routing\Middleware\SubstituteBindings->handle() F:\phpStudy\WWW\MondayShop\vendor\laravel\framework\src\Illuminate\Pipeline\Pipeline.php:149
[04-Nov-2017 09:57:15 PRC] PHP  46. Illuminate\Routing\Pipeline->Illuminate\Routing\{closure}() F:\phpStudy\WWW\MondayShop\vendor\laravel\framework\src\Illuminate\Routing\Middleware\SubstituteBindings.php:41
[04-Nov-2017 09:57:15 PRC] PHP  47. Illuminate\Routing\Pipeline->Illuminate\Pipeline\{closure}() F:\phpStudy\WWW\MondayShop\vendor\laravel\framework\src\Illuminate\Routing\Pipeline.php:53
[04-Nov-2017 09:57:15 PRC] PHP  48. App\Http\Middleware\AdminAuth->handle() F:\phpStudy\WWW\MondayShop\vendor\laravel\framework\src\Illuminate\Pipeline\Pipeline.php:149
[04-Nov-2017 09:57:15 PRC] PHP  49. Illuminate\Routing\Pipeline->Illuminate\Routing\{closure}() F:\phpStudy\WWW\MondayShop\app\Http\Middleware\AdminAuth.php:24
[04-Nov-2017 09:57:15 PRC] PHP  50. Illuminate\Routing\Router->Illuminate\Routing\{closure}() F:\phpStudy\WWW\MondayShop\vendor\laravel\framework\src\Illuminate\Routing\Pipeline.php:30
[04-Nov-2017 09:57:15 PRC] PHP  51. Illuminate\Routing\Router->prepareResponse() F:\phpStudy\WWW\MondayShop\vendor\laravel\framework\src\Illuminate\Routing\Router.php:645
[04-Nov-2017 09:57:15 PRC] PHP  52. Illuminate\Routing\Router::toResponse() F:\phpStudy\WWW\MondayShop\vendor\laravel\framework\src\Illuminate\Routing\Router.php:685
[04-Nov-2017 09:57:15 PRC] PHP  53. Illuminate\Http\Response->__construct() F:\phpStudy\WWW\MondayShop\vendor\laravel\framework\src\Illuminate\Routing\Router.php:711
[04-Nov-2017 09:57:15 PRC] PHP  54. Illuminate\Http\Response->setContent() F:\phpStudy\WWW\MondayShop\vendor\symfony\http-foundation\Response.php:199
[04-Nov-2017 09:57:15 PRC] PHP  55. Illuminate\View\View->render() F:\phpStudy\WWW\MondayShop\vendor\laravel\framework\src\Illuminate\Http\Response.php:42
[04-Nov-2017 09:57:15 PRC] PHP  56. Illuminate\View\View->renderContents() F:\phpStudy\WWW\MondayShop\vendor\laravel\framework\src\Illuminate\View\View.php:85
[04-Nov-2017 09:57:15 PRC] PHP  57. Illuminate\View\View->getContents() F:\phpStudy\WWW\MondayShop\vendor\laravel\framework\src\Illuminate\View\View.php:120
[04-Nov-2017 09:57:15 PRC] PHP  58. Illuminate\View\Engines\CompilerEngine->get() F:\phpStudy\WWW\MondayShop\vendor\laravel\framework\src\Illuminate\View\View.php:137
[04-Nov-2017 09:57:15 PRC] PHP  59. Illuminate\View\Engines\CompilerEngine->evaluatePath() F:\phpStudy\WWW\MondayShop\vendor\laravel\framework\src\Illuminate\View\Engines\CompilerEngine.php:59
